"../../../Engine/Content/EditorResources/S_Actor.uasset" 0
"../../../Engine/Content/EngineResources/AICON-Red.uasset" 1
"../../../Engine/Content/EngineResources/AICON-Green.uasset" 2
"../../../Engine/Content/EngineFonts/Roboto.uasset" 3
"../../../Engine/Content/Functions/Engine_MaterialFunctions01/Shading/PowerToRoughness.uasset" 4
"../../../Engine/Content/Functions/Engine_MaterialFunctions01/Shading/ConvertFromDiffSpec.uasset" 5
"../../../Engine/Content/EngineMaterials/DefaultDiffuse.uasset" 6
"../../../Engine/Content/EngineMaterials/DefaultDeferredDecalMaterial.uasset" 7
"../../../Engine/Content/EngineMaterials/DefaultLightFunctionMaterial.uasset" 8
"../../../Engine/Content/Functions/Engine_MaterialFunctions02/Utility/BreakOutFloat2Components.uasset" 9
"../../../Engine/Content/EngineMaterials/DefaultPostProcessMaterial.uasset" 10
"../../../Engine/Content/EngineResources/DefaultTexture.uasset" 11
"../../../Engine/Content/Functions/Engine_MaterialFunctions01/Texturing/ScaleUVsByCenter.uasset" 12
"../../../Engine/Content/Functions/Engine_MaterialFunctions02/ScreenResolution.uasset" 13
"../../../Engine/Content/Functions/Engine_MaterialFunctions02/Texturing/ScreenAlignedUVs.uasset" 14
"../../../Engine/Content/EngineResources/WhiteSquareTexture.uasset" 15
"../../../Engine/Content/EngineMaterials/Widget3DPassThrough.uasset" 16
"../../../Engine/Content/EngineMaterials/Widget3DPassThrough_Translucent.uasset" 17
"../../../Engine/Content/EngineMaterials/Widget3DPassThrough_Translucent_OneSided.uasset" 18
"../../../Engine/Content/EngineMaterials/Widget3DPassThrough_Opaque.uasset" 19
"../../../Engine/Content/EngineMaterials/Widget3DPassThrough_Opaque_OneSided.uasset" 20
"../../../Engine/Content/EngineMaterials/Widget3DPassThrough_Masked.uasset" 21
"../../../Engine/Content/EngineMaterials/Widget3DPassThrough_Masked_OneSided.uasset" 22
"../../../Engine/Content/Maps/Templates/Thumbnails/Default.uasset" 23
"../../../Engine/Content/Maps/Templates/Thumbnails/VR-Basic.uasset" 24
"../../../Engine/Content/EditorMaterials/ParticleSystems/PSysThumbnail_NoImage.uasset" 25
"../../../Engine/Content/EditorMaterials/ParticleSystems/PSysThumbnail_OOD.uasset" 26
"../../../Engine/Content/EditorLandscapeResources/DataLayer.uasset" 27
"../../../Engine/Content/EngineDamageTypes/DmgTypeBP_Environmental.uasset" 28
"../../../Engine/Content/EngineMeshes/Sphere.uasset" 29
"../../../Engine/Content/EngineFonts/RobotoDistanceField.uasset" 30
"../../../Engine/Content/EngineMaterials/DefaultTextMaterialOpaque.uasset" 31
"../../../Engine/Content/EditorResources/S_Trigger.uasset" 32
"../../../Engine/Content/EngineResources/GradientTexture0.uasset" 33
"../../../Engine/Content/EngineResources/Black.uasset" 34
"../../../Engine/Content/EditorMaterials/MatineeGroups/MAT_Groups_Float.uasset" 35
"../../../Engine/Content/EditorMaterials/MatineeGroups/MAT_Groups_Director.uasset" 36
"../../../Engine/Content/EditorMaterials/MatineeGroups/MAT_Groups_Event.uasset" 37
"../../../Engine/Content/EditorMaterials/MatineeGroups/MAT_Groups_Anim.uasset" 38
"../../../Engine/Content/EditorMaterials/MatineeGroups/MAT_Groups_Fade.uasset" 39
"../../../Engine/Content/EditorMaterials/MatineeGroups/MAT_Groups_Move.uasset" 40
"../../../Engine/Content/EditorMaterials/MatineeGroups/MAT_Groups_Slomo.uasset" 41
"../../../Engine/Content/EditorMaterials/MatineeGroups/MAT_ColorTrack.uasset" 42
"../../../Engine/Content/EditorMaterials/MAT_Groups_Toggle.uasset" 43
"../../../Engine/Content/EditorMaterials/MatineeGroups/MAT_Groups_AudioMaster.uasset" 44
"../../../Engine/Content/EditorMaterials/MatineeGroups/MAT_Groups_Sound.uasset" 45
"../../../Engine/Content/EditorMaterials/MatineeGroups/MAT_Groups_Vector.uasset" 46
"../../../Engine/Content/EditorMaterials/MAT_Groups_Visibility.uasset" 47
"../../../Engine/Content/EngineResources/DefaultTextureCube.uasset" 48
"../../../Engine/Content/Functions/Engine_MaterialFunctions01/Opacity/CameraDepthFade.uasset" 49
"../../../Engine/Content/EngineMaterials/T_Default_Material_Grid_M.uasset" 50
"../../../Engine/Content/EngineMaterials/T_Default_Material_Grid_N.uasset" 51
"../../../Engine/Content/EngineMaterials/DefaultMaterial.uasset" 52
"../../../Engine/Content/EngineMeshes/Cylinder.uasset" 53
"../../../Engine/Content/EngineTireTypes/DefaultTireType.uasset" 54
"../../../Engine/Content/EditorMaterials/Camera/CineMat.uasset" 55
"../../../Engine/Content/EditorMaterials/Camera/MI_CineMat_Rig.uasset" 56
"../../../Engine/Content/EditorMeshes/Camera/SM_CraneRig_Base.uasset" 57
"../../../Engine/Content/EditorMeshes/Camera/SM_CraneRig_Arm.uasset" 58
"../../../Engine/Content/EditorMeshes/Camera/SM_CraneRig_Mount.uasset" 59
"../../../Engine/Content/EditorMeshes/Camera/SM_CraneRig_Body.uasset" 60
"../../../Engine/Content/EditorMeshes/Camera/SM_RailRig_Track.uasset" 61
"../../../Engine/Content/EditorMeshes/Camera/SM_RailRig_Mount.uasset" 62
"../../../Engine/Content/VREditor/LaserPointer/VR_LaserPower_01.uasset" 63
"../../../Engine/Content/VREditor/TransformGizmo/TransformGizmoMaterial.uasset" 64
"../../../Engine/Content/VREditor/TransformGizmo/TranslucentTransformGizmoMaterial.uasset" 65
"../../../Engine/Content/VREditor/TransformGizmo/TranslationHandle.uasset" 66
"../../../Engine/Content/VREditor/TransformGizmo/PlaneTranslationHandle.uasset" 67
"../../../Engine/Content/VREditor/TransformGizmo/RotationHandle.uasset" 68
"../../../Engine/Content/VREditor/TransformGizmo/StretchingHandle.uasset" 69
"../../../Engine/Content/VREditor/TransformGizmo/BoundingBoxCorner.uasset" 70
"../../../Engine/Content/VREditor/TransformGizmo/BoundingBoxEdge.uasset" 71
"../../../Engine/Content/VREditor/TransformGizmo/UniformScaleHandle.uasset" 72
"../../../Engine/Content/VREditor/FloatingText/LineMaterial.uasset" 73
"../../../Engine/Content/VREditor/FloatingText/LineSegmentCylinder.uasset" 74
"../../../Engine/Content/VREditor/FloatingText/JointSphere.uasset" 75
"../../../Engine/Content/VREditor/Fonts/VRText_RobotoLarge.uasset" 76
"../../../Engine/Content/VREditor/Fonts/VRTextMaterial.uasset" 77
"../../../Engine/Content/VREditor/Fonts/TranslucentVRTextMaterial.uasset" 78
"../../../Engine/Content/VREditor/UI/SelectionBarMesh.uasset" 79
"../../../Engine/Content/VREditor/UI/CloseButtonMesh.uasset" 80
"../../../Engine/Content/Tutorial/Mobile/TutorialAssets/android_Icon.uasset" 81
"../../../Engine/Content/Tutorial/BlueprintTutorials/TutorialAssets/Blueprint_64x.uasset" 82
"../../../Engine/Content/Tutorial/ContentIntroCurve.uasset" 83
"../../../Engine/Plugins/2D/Paper2D/Content/PlaceholderTextures/DummySpriteTexture.uasset" 84
"../../../Engine/Plugins/2D/Paper2D/Content/DefaultSpriteMaterial.uasset" 85
"../../../Engine/Plugins/2D/Paper2D/Content/MaskedUnlitSpriteMaterial.uasset" 86
"../../../Engine/Plugins/2D/Paper2D/Content/OpaqueUnlitSpriteMaterial.uasset" 87
"../../../Engine/Plugins/2D/Paper2D/Content/DummySprite.uasset" 88
"../../../Engine/Plugins/2D/Paper2D/Content/DefaultPaperTerrainMaterial.uasset" 89
"../../../Engine/Content/EngineMaterials/RemoveSurfaceMaterial.uasset" 90
"../../../Engine/Content/EngineDebugMaterials/DebugMeshMaterial.uasset" 91
"../../../Engine/Content/EngineMaterials/InvalidLightmapSettings.uasset" 92
"../../../Engine/Content/EngineMaterials/M_InvalidLightmapSettings.uasset" 93
"../../../Engine/Content/EditorMaterials/GizmoMaterial.uasset" 94
"../../../Engine/Content/EngineMaterials/DefaultBokeh.uasset" 95
"../../../Engine/Content/EngineMaterials/PreintegratedSkinBRDF.uasset" 96
"../../../Engine/Content/EngineMaterials/MiniFont.uasset" 97
"../../../Engine/Content/EngineMaterials/WeightMapPlaceholderTexture.uasset" 98
"../../../Engine/Content/EngineMaterials/DefaultWhiteGrid.uasset" 99
"../../../Engine/Content/EngineMaterials/DefaultPhysicalMaterial.uasset" 100
"../../../Engine/Content/EngineFonts/RobotoTiny.uasset" 101
"../../../Engine/Content/EditorSounds/Notifications/CompileSuccess.uasset" 102
"../../../Engine/Content/EditorSounds/Notifications/CompileStart_Cue.uasset" 103
"../../../Engine/Content/EditorSounds/Notifications/CompileSuccess_Cue.uasset" 104
"../../../Engine/Content/EditorSounds/Notifications/CompileFailed.uasset" 105
"../../../Engine/Content/EditorSounds/Notifications/CompileFailed_Cue.uasset" 106
"../../../Engine/Content/MobileResources/HUD/AnalogHat.uasset" 107
"../../../Engine/Content/MobileResources/HUD/VirtualJoystick_Background.uasset" 108
"../../../Engine/Content/MobileResources/HUD/VirtualJoystick_Thumb.uasset" 109
"../../../Engine/Content/MobileResources/HUD/DefaultVirtualJoysticks.uasset" 110
"../../../Engine/Content/MobileResources/HUD/LeftVirtualJoystickOnly.uasset" 111
"../../../Engine/Content/MobileResources/HUD/MobileHUDButton1_off.uasset" 112
"../../../Engine/Content/EditorResources/EmptyActor.uasset" 113
"../../../Engine/Content/EditorResources/AudioIcons/S_AudioComponent_AutoActivate.uasset" 114
"../../../HideVsSeekIntSc/Content/StarterContent/Textures/T_Explosion_SubUV.uasset" 115
"../../../HideVsSeekIntSc/Content/StarterContent/Particles/Materials/M_explosion_subUV.uasset" 116
"../../../Engine/Content/MobileResources/HUD/T_Castle_ThumbstickOutter.uasset" 117
"../../../Engine/Content/MobileResources/HUD/MobileHUDButton1_on.uasset" 118
"../../../HideVsSeekIntSc/Content/StarterContent/Textures/T_Shelf_M.uasset" 119
"../../../HideVsSeekIntSc/Content/StarterContent/Textures/T_Shelf_N.uasset" 120
"../../../HideVsSeekIntSc/Content/StarterContent/Props/Materials/M_Shelf.uasset" 121
"../../../HideVsSeekIntSc/Content/StarterContent/Props/SM_Shelf.uasset" 122
"../../../Engine/Content/Functions/Engine_MaterialFunctions02/Utility/BlendAngleCorrectedNormals.uasset" 123
"../../../HideVsSeekIntSc/Content/StarterContent/Textures/T_Detail_Rocky_N.uasset" 124
"../../../HideVsSeekIntSc/Content/StarterContent/Textures/T_Rock_Basalt_D.uasset" 125
"../../../HideVsSeekIntSc/Content/StarterContent/Textures/T_RockMesh_M.uasset" 126
"../../../HideVsSeekIntSc/Content/StarterContent/Textures/T_RockMesh_N.uasset" 127
"../../../HideVsSeekIntSc/Content/StarterContent/Props/Materials/M_Rock.uasset" 128
"../../../HideVsSeekIntSc/Content/StarterContent/Props/SM_Rock.uasset" 129
"../../../HideVsSeekIntSc/Content/StarterContent/Props/Materials/M_MaterialSphere.uasset" 130
"../../../HideVsSeekIntSc/Content/StarterContent/Props/Materials/M_MaterialSphere_Plain.uasset" 131
"../../../HideVsSeekIntSc/Content/StarterContent/Props/SM_MatPreviewMesh_02.uasset" 132
"../../../HideVsSeekIntSc/Content/Geometry/FinalArt/GooCan/Glass_ALBEDO.uasset" 133
"../../../HideVsSeekIntSc/Content/Geometry/FinalArt/GooCan/Glass_NORMAL.uasset" 134
"../../../HideVsSeekIntSc/Content/Geometry/FinalArt/GooCan/Glass_ROUGHNESS.uasset" 135
"../../../HideVsSeekIntSc/Content/StarterContent/Materials/M_Glass.uasset" 136
"../../../HideVsSeekIntSc/Content/StarterContent/Textures/T_Door_M.uasset" 137
"../../../HideVsSeekIntSc/Content/StarterContent/Textures/T_Door_N.uasset" 138
"../../../HideVsSeekIntSc/Content/StarterContent/Props/Materials/M_Door.uasset" 139
"../../../HideVsSeekIntSc/Content/StarterContent/Props/SM_Door.uasset" 140
"../../../HideVsSeekIntSc/Content/StarterContent/Textures/T_Chair_M.uasset" 141
"../../../HideVsSeekIntSc/Content/StarterContent/Textures/T_Chair_N.uasset" 142
"../../../HideVsSeekIntSc/Content/StarterContent/Props/Materials/M_Chair.uasset" 143
"../../../HideVsSeekIntSc/Content/StarterContent/Props/SM_Couch.uasset" 144
"../../../HideVsSeekIntSc/Content/StarterContent/Textures/T_Bush_D.uasset" 145
"../../../HideVsSeekIntSc/Content/StarterContent/Textures/T_Bush_N.uasset" 146
"../../../HideVsSeekIntSc/Content/StarterContent/Props/Materials/M_Bush.uasset" 147
"../../../HideVsSeekIntSc/Content/StarterContent/Props/SM_Bush.uasset" 148
"../../../Engine/Content/Functions/Engine_MaterialFunctions01/Gradient/RadialGradient.uasset" 149
"../../../HideVsSeekIntSc/Content/StarterContent/Particles/Materials/M_radial_ramp.uasset" 150
"../../../HideVsSeekIntSc/Content/StarterContent/Materials/M_Basic_Wall.uasset" 151
"../../../HideVsSeekIntSc/Content/StarterContent/Shapes/Shape_NarrowCapsule.uasset" 152
"../../../HideVsSeekIntSc/Content/StarterContent/Shapes/Shape_Cone.uasset" 153
"../../../HideVsSeekIntSc/Content/StarterContent/Materials/M_Basic_Floor.uasset" 154
"../../../HideVsSeekIntSc/Content/StarterContent/Props/SM_Stairs.uasset" 155
"../../../Engine/Content/MobileResources/HUD/MobileHUDButton3.uasset" 156
"../../../Engine/Content/MobileResources/HUD/MobileHUDButton2_off.uasset" 157
"../../../HideVsSeekIntSc/Content/StarterContent/Shapes/Shape_Torus.uasset" 158
"../../../HideVsSeekIntSc/Content/StarterContent/Shapes/Shape_Plane.uasset" 159
"../../../HideVsSeekIntSc/Content/StarterContent/Shapes/Shape_Pipe_90.uasset" 160
"../../../HideVsSeekIntSc/Content/StarterContent/Shapes/Shape_Pipe_180.uasset" 161
"../../../HideVsSeekIntSc/Content/StarterContent/Shapes/Shape_Pipe.uasset" 162
"../../../Engine/Content/MobileResources/HUD/MobileHUDDirectionPad.uasset" 163
"../../../Engine/Content/MobileResources/T_MobileControls_texture.uasset" 164
"../../../Engine/Content/MobileResources/HUD/T_Castle_ThumbstickInner.uasset" 165
"../../../Engine/Content/MobileResources/HUD/MobileHUDButtonFire.uasset" 166
"../../../HideVsSeekIntSc/Content/StarterContent/Shapes/Shape_Wedge_A.uasset" 167
"../../../HideVsSeekIntSc/Content/StarterContent/Shapes/Shape_Tube.uasset" 168
"../../../HideVsSeekIntSc/Content/StarterContent/Shapes/Shape_TriPyramid.uasset" 169
"../../../HideVsSeekIntSc/Content/StarterContent/Shapes/Shape_Trim_90_Out.uasset" 170
"../../../HideVsSeekIntSc/Content/StarterContent/Shapes/Shape_Trim_90_In.uasset" 171
"../../../HideVsSeekIntSc/Content/StarterContent/Shapes/Shape_Trim.uasset" 172
"../../../HideVsSeekIntSc/Content/StarterContent/Shapes/Shape_Wedge_B.uasset" 173
"../../../Engine/Content/MobileResources/HUD/MobileHUDDirectionPad3.uasset" 174
"../../../HideVsSeekIntSc/Content/StarterContent/Shapes/Shape_WideCapsule.uasset" 175
"../../../Engine/Content/EditorMaterials/PhAT_JointLimitMaterial.uasset" 176
"../../../Engine/Content/EditorMaterials/PreviewShadowIndicator.uasset" 177
"../../../Engine/Content/EditorMaterials/PreviewShadowIndicatorMaterial.uasset" 178
"../../../Engine/Content/EditorResources/BSPVertex.uasset" 179
"../../../Engine/Content/EditorResources/AudioIcons/S_AudioComponent.uasset" 180
"../../../Engine/Content/EditorResources/LightIcons/S_LightError.uasset" 181
"../../../Engine/Content/EngineDebugMaterials/HeatmapGradient.uasset" 182
"../../../Engine/Content/EngineDebugMaterials/BoneWeightMaterial.uasset" 183
"../../../Engine/Content/EngineDebugMaterials/GeomMaterial.uasset" 184
"../../../Engine/Content/EngineMaterials/EditorBrushMaterial.uasset" 185
"../../../Engine/Content/EngineMeshes/Cube.uasset" 186
"../../../Engine/Content/MobileResources/T_MobileMenu2.uasset" 187
"../../../Engine/Content/MobileResources/HUD/MobileHUDButton2_on.uasset" 188
"../../../Engine/Content/MobileResources/HUD/MobileHUDDirectionPad2.uasset" 189
"../../../Engine/Content/MobileResources/HUD/MobileHUDDirectionStick.uasset" 190
"../../../Engine/Content/Tutorial/Basics/TutorialAssets/icon_tab_Levels_40x.uasset" 191
"../../../Engine/Content/Tutorial/BlueprintTutorials/TutorialAssets/BlueprintInterface_64x.uasset" 192
"../../../Engine/Content/Tutorial/BlueprintTutorials/TutorialAssets/BlueprintMacroLibrary_64x.uasset" 193
"../../../Engine/Content/Tutorial/BlueprintTutorials/TutorialAssets/Tutorial_BP_Interface.uasset" 194
"../../../Engine/Content/Tutorial/Foliage/TutorialAssets/Foliage.uasset" 195
"../../../Engine/Content/Tutorial/Landscape/TutorialAssets/Landscape.uasset" 196
"../../../Engine/Content/Tutorial/Paper2D/TutorialAssets/Paper2DFlipbook_TutorialIcon.uasset" 197
"../../../Engine/Content/Tutorial/Paper2D/TutorialAssets/Paper2DSprite_TutorialIcon.uasset" 198
"../../../Engine/Content/Tutorial/SubEditors/TutorialAssets/icon_Editor_Preferences_General_40x.uasset" 199
"../../../Engine/Content/Tutorial/SubEditors/TutorialAssets/icon_ShowSkeletalMeshes_40x.uasset" 200
"../../../Engine/Content/Tutorial/SubEditors/TutorialAssets/TutorialMaterial.uasset" 201
"../../../Engine/Content/Tutorial/SubEditors/TutorialAssets/T_SmokeSubUV_8X8.uasset" 202
"../../../Engine/Content/Tutorial/SubEditors/TutorialAssets/T_soft_smoke.uasset" 203
"../../../Engine/Content/Tutorial/SubEditors/TutorialAssets/M_smoke_subUV_blackbody.uasset" 204
"../../../Engine/Content/Tutorial/SubEditors/TutorialAssets/TutorialParticleSystem.uasset" 205
"../../../Engine/Content/EngineMaterials/WorldGridMaterial.uasset" 206
"../../../Engine/Content/EditorMeshes/EditorCube.uasset" 207
"../../../Engine/Content/Tutorial/SubEditors/TutorialAssets/Tutorial_DM.uasset" 208
"../../../HideVsSeekIntSc/Content/StarterContent/Architecture/Pillar_50x500.uasset" 209
"../../../HideVsSeekIntSc/Content/StarterContent/Architecture/Wall_400x300.uasset" 210
"../../../HideVsSeekIntSc/Content/StarterContent/Architecture/Wall_400x400.uasset" 211
"../../../HideVsSeekIntSc/Content/StarterContent/Architecture/Wall_500x500.uasset" 212
"../../../HideVsSeekIntSc/Content/StarterContent/Architecture/Wall_Door_400x400.uasset" 213
"../../../HideVsSeekIntSc/Content/StarterContent/Architecture/Wall_Window_400x400.uasset" 214
"../../../HideVsSeekIntSc/Content/StarterContent/Audio/Light01_Cue.uasset" 215
"../../../HideVsSeekIntSc/Content/StarterContent/Audio/Light02_Cue.uasset" 216
"../../../HideVsSeekIntSc/Content/StarterContent/Audio/Explosion_Cue.uasset" 217
"../../../HideVsSeekIntSc/Content/StarterContent/Textures/T_Smoke_SubUV.uasset" 218
"../../../HideVsSeekIntSc/Content/StarterContent/Textures/T_Smoke_Tiled_D.uasset" 219
"../../../HideVsSeekIntSc/Content/StarterContent/Particles/Materials/M_smoke_subUV.uasset" 220
"../../../HideVsSeekIntSc/Content/StarterContent/Particles/P_Explosion.uasset" 221
"../../../HideVsSeekIntSc/Content/StarterContent/Blueprints/Blueprint_Effect_Explosion.uasset" 222
"../../../Engine/Content/EditorMeshes/ColorCalibrator/T_ColorGrid.uasset" 223
"../../../HideVsSeekIntSc/Content/StarterContent/Materials/M_ColorGrid_LowSpec.uasset" 224
"../../../Engine/Content/EngineMaterials/DefaultNormal.uasset" 225
"../../../Engine/Content/Maps/Entry.umap" 226
"../../../Engine/Content/EditorBlueprintResources/StandardMacros.uasset" 227
"../../../Engine/Content/EngineSky/C_Sky_Cloud_Color.uasset" 228
"../../../Engine/Content/EngineSky/C_Sky_Horizon_Color.uasset" 229
"../../../Engine/Content/EngineSky/C_Sky_Zenith_Color.uasset" 230
"../../../Engine/Content/EngineSky/T_Sky_Blue.uasset" 231
"../../../Engine/Content/EngineSky/T_Sky_Clouds_M.uasset" 232
"../../../Engine/Content/EngineSky/T_Sky_Stars.uasset" 233
"../../../Engine/Content/EngineSky/M_Sky_Panning_Clouds2.uasset" 234
"../../../Engine/Content/EngineSky/SM_SkySphere.uasset" 235
"../../../Engine/Content/EngineSky/BP_Sky_Sphere.uasset" 236
"../../../HideVsSeekIntSc/Content/StarterContent/Textures/T_MacroVariation.uasset" 237
"../../../HideVsSeekIntSc/Content/StarterContent/Materials/M_Metal_Brushed_Nickel.uasset" 238
"../../../HideVsSeekIntSc/Content/StarterContent/Textures/T_Metal_Aluminum_D.uasset" 239
"../../../HideVsSeekIntSc/Content/StarterContent/Textures/T_Metal_Gold_N.uasset" 240
"../../../HideVsSeekIntSc/Content/StarterContent/Materials/M_Metal_Burnished_Steel.uasset" 241
"../../../HideVsSeekIntSc/Content/StarterContent/Textures/T_Metal_Copper_D.uasset" 242
"../../../HideVsSeekIntSc/Content/StarterContent/Materials/M_Metal_Copper.uasset" 243
"../../../HideVsSeekIntSc/Content/StarterContent/Textures/T_Statue_M.uasset" 244
"../../../HideVsSeekIntSc/Content/StarterContent/Textures/T_Statue_N.uasset" 245
"../../../HideVsSeekIntSc/Content/StarterContent/Props/Materials/M_StatueGlass.uasset" 246
"../../../HideVsSeekIntSc/Content/StarterContent/Architecture/Floor_400x400.uasset" 247
"../../../HideVsSeekIntSc/Content/StarterContent/Audio/Starter_Background_Cue.uasset" 248
"../../../HideVsSeekIntSc/Content/StarterContent/Props/SM_Chair.uasset" 249
"../../../HideVsSeekIntSc/Content/StarterContent/Props/Materials/M_Statue.uasset" 250
"../../../HideVsSeekIntSc/Content/StarterContent/Props/SM_Statue.uasset" 251
"../../../HideVsSeekIntSc/Content/StarterContent/Textures/T_TableRound_M.uasset" 252
"../../../HideVsSeekIntSc/Content/StarterContent/Textures/T_TableRound_N.uasset" 253
"../../../HideVsSeekIntSc/Content/StarterContent/Props/Materials/M_TableRound.uasset" 254
"../../../HideVsSeekIntSc/Content/StarterContent/Props/SM_TableRound.uasset" 255
"../../../HideVsSeekIntSc/Content/StarterContent/Maps/Minimal_Default.umap" 256
"../../../HideVsSeekIntSc/Content/Blueprints/Daniel/Lobby/LobbyPawn.uasset" 257
"../../../HideVsSeekIntSc/Content/UI/MainMenu/SaveSessionInfo.uasset" 258
"../../../HideVsSeekIntSc/Content/Blueprints/Daniel/HideNSeek_GameInstance.uasset" 259
"../../../HideVsSeekIntSc/Content/Materials/GenericMat/Textures/wallpaper_01_red.uasset" 260
"../../../HideVsSeekIntSc/Content/UI/UIAsset/MainMenu2.uasset" 261
"../../../HideVsSeekIntSc/Content/UI/MainMenu/MainMenu_UnfoldedMenu.uasset" 262
"../../../HideVsSeekIntSc/Content/UI/UIAsset/foldbutton.uasset" 263
"../../../HideVsSeekIntSc/Content/UI/UIAsset/unfoldbutton.uasset" 264
"../../../HideVsSeekIntSc/Content/UI/MainMenu/MainMenu_General.uasset" 265
"../../../HideVsSeekIntSc/Content/UI/MainMenu/ComboBoxItem.uasset" 266
"../../../HideVsSeekIntSc/Content/UI/UIAsset/NewGame1.uasset" 267
"../../../HideVsSeekIntSc/Content/UI/UIAsset/newgame_01.uasset" 268
"../../../HideVsSeekIntSc/Content/UI/UIAsset/ok_button.uasset" 269
"../../../HideVsSeekIntSc/Content/UI/UIAsset/ok_button_pushed.uasset" 270
"../../../HideVsSeekIntSc/Content/UI/MainMenu/SetNewGame.uasset" 271
"../../../HideVsSeekIntSc/Content/UI/MainMenu/MainMenuHUD.uasset" 272
"../../../HideVsSeekIntSc/Content/UI/MainMenu/MainMenu_JoinGame.uasset" 273
"../../../HideVsSeekIntSc/Content/UI/UIAsset/mainmenu__01.uasset" 274
"../../../HideVsSeekIntSc/Content/UI/UIAsset/search-icon-62943.uasset" 275
"../../../HideVsSeekIntSc/Content/UI/MainMenu/MainMenu_Browser.uasset" 276
"../../../HideVsSeekIntSc/Content/LobbyPlayerController.uasset" 277
"../../../HideVsSeekIntSc/Content/GameModes/LobbyMode.uasset" 278
"../../../HideVsSeekIntSc/Content/Levels/Daniel/Lobby.umap" 279
"../../../HideVsSeekIntSc/Content/StarterContent/Blueprints/Assets/FogBrightnessLUT.uasset" 280
"../../../HideVsSeekIntSc/Content/StarterContent/Blueprints/Assets/SunlightColorLUT.uasset" 281
"../../../HideVsSeekIntSc/Content/StarterContent/Blueprints/Assets/M_LightStage_Arrows.uasset" 282
"../../../Engine/Content/MapTemplates/Sky/DaylightAmbientCubemap.uasset" 283
"../../../HideVsSeekIntSc/Content/StarterContent/Blueprints/Assets/M_LightStage_Skybox_Master.uasset" 284
"../../../HideVsSeekIntSc/Content/StarterContent/Blueprints/Assets/M_LightStage_Skybox_Black.uasset" 285
"../../../HideVsSeekIntSc/Content/StarterContent/Blueprints/Assets/M_LightStage_Skybox_HDRI.uasset" 286
"../../../Engine/Content/EditorMaterials/Thumbnails/SkySphereMaterial.uasset" 287
"../../../HideVsSeekIntSc/Content/StarterContent/Blueprints/Assets/Skybox.uasset" 288
"../../../HideVsSeekIntSc/Content/StarterContent/Blueprints/Assets/SM_Arrows.uasset" 289
"../../../HideVsSeekIntSc/Content/StarterContent/HDRI/HDRI_Epic_Courtyard_Daylight.uasset" 290
"../../../HideVsSeekIntSc/Content/StarterContent/Blueprints/BP_LightStudio.uasset" 291
"../../../HideVsSeekIntSc/Content/StarterContent/Materials/M_AssetPlatform.uasset" 292
"../../../Engine/Content/EditorMeshes/ColorCalibrator/M_ChromeBall.uasset" 293
"../../../Engine/Content/EditorMeshes/ColorCalibrator/M_ClearCoat.uasset" 294
"../../../Engine/Content/EditorMeshes/ColorCalibrator/M_ClearCoatBlack.uasset" 295
"../../../Engine/Content/EditorMeshes/ColorCalibrator/M_ColorGrid.uasset" 296
"../../../Engine/Content/EditorMeshes/ColorCalibrator/M_GreyBall.uasset" 297
"../../../Engine/Content/EditorMeshes/ColorCalibrator/SM_ColorCalibrator.uasset" 298
"../../../HideVsSeekIntSc/Content/StarterContent/Architecture/SM_AssetPlatform.uasset" 299
"../../../HideVsSeekIntSc/Content/StarterContent/Maps/Advanced_Lighting.umap" 300
"../../../HideVsSeekIntSc/Content/StarterContent/Audio/Fire01_Cue.uasset" 301
"../../../HideVsSeekIntSc/Content/StarterContent/Textures/T_Fire_SubUV.uasset" 302
"../../../HideVsSeekIntSc/Content/StarterContent/Textures/T_Fire_Tiled_D.uasset" 303
"../../../HideVsSeekIntSc/Content/StarterContent/Particles/Materials/M_Fire_SubUV.uasset" 304
"../../../HideVsSeekIntSc/Content/StarterContent/Textures/T_Water_N.uasset" 305
"../../../HideVsSeekIntSc/Content/StarterContent/Particles/Materials/M_Heat_Distortion.uasset" 306
"../../../HideVsSeekIntSc/Content/StarterContent/Particles/Materials/M_Radial_Gradient.uasset" 307
"../../../HideVsSeekIntSc/Content/StarterContent/Particles/P_Fire.uasset" 308
"../../../HideVsSeekIntSc/Content/StarterContent/Blueprints/Blueprint_Effect_Fire.uasset" 309
"../../../HideVsSeekIntSc/Content/StarterContent/Audio/Smoke01_Cue.uasset" 310
"../../../HideVsSeekIntSc/Content/StarterContent/Particles/P_Smoke.uasset" 311
"../../../HideVsSeekIntSc/Content/StarterContent/Blueprints/Blueprint_Effect_Smoke.uasset" 312
"../../../HideVsSeekIntSc/Content/StarterContent/Audio/Fire_Sparks01_Cue.uasset" 313
"../../../HideVsSeekIntSc/Content/StarterContent/Textures/T_Spark_Core.uasset" 314
"../../../HideVsSeekIntSc/Content/StarterContent/Particles/Materials/M_Spark.uasset" 315
"../../../HideVsSeekIntSc/Content/StarterContent/Particles/P_Sparks.uasset" 316
"../../../HideVsSeekIntSc/Content/StarterContent/Blueprints/Blueprint_Effect_Sparks.uasset" 317
"../../../HideVsSeekIntSc/Content/StarterContent/Audio/Steam01_Cue.uasset" 318
"../../../HideVsSeekIntSc/Content/StarterContent/Particles/P_Steam_Lit.uasset" 319
"../../../HideVsSeekIntSc/Content/StarterContent/Blueprints/Blueprint_Effect_Steam.uasset" 320
"../../../HideVsSeekIntSc/Content/StarterContent/Textures/T_Lamp_M.uasset" 321
"../../../HideVsSeekIntSc/Content/StarterContent/Textures/T_Lamp_N.uasset" 322
"../../../HideVsSeekIntSc/Content/StarterContent/Props/Materials/M_Lamp.uasset" 323
"../../../HideVsSeekIntSc/Content/StarterContent/Props/SM_Lamp_Ceiling.uasset" 324
"../../../HideVsSeekIntSc/Content/StarterContent/Blueprints/Blueprint_CeilingLight.uasset" 325
"../../../HideVsSeekIntSc/Content/StarterContent/Props/SM_Lamp_Wall.uasset" 326
"../../../HideVsSeekIntSc/Content/StarterContent/Blueprints/Blueprint_WallSconce.uasset" 327
"../../../Engine/Content/Functions/Engine_MaterialFunctions03/Procedurals/ComputeFilterWidth.uasset" 328
"../../../Engine/Content/EngineMaterials/AntiAliasedTextMaterialTranslucent.uasset" 329
"../../../HideVsSeekIntSc/Content/StarterContent/Textures/T_Brick_Clay_Beveled_D.uasset" 330
"../../../HideVsSeekIntSc/Content/StarterContent/Textures/T_Brick_Clay_Beveled_M.uasset" 331
"../../../HideVsSeekIntSc/Content/StarterContent/Textures/T_Brick_Clay_Beveled_N.uasset" 332
"../../../HideVsSeekIntSc/Content/StarterContent/Materials/M_Brick_Clay_Beveled.uasset" 333
"../../../HideVsSeekIntSc/Content/StarterContent/Textures/T_Brick_Clay_New_D.uasset" 334
"../../../HideVsSeekIntSc/Content/StarterContent/Textures/T_Brick_Clay_New_M.uasset" 335
"../../../HideVsSeekIntSc/Content/StarterContent/Textures/T_Brick_Clay_New_N.uasset" 336
"../../../HideVsSeekIntSc/Content/StarterContent/Materials/M_Brick_Clay_New.uasset" 337
"../../../HideVsSeekIntSc/Content/StarterContent/Textures/T_Brick_Clay_Old_D.uasset" 338
"../../../HideVsSeekIntSc/Content/StarterContent/Textures/T_Brick_Clay_Old_N.uasset" 339
"../../../HideVsSeekIntSc/Content/StarterContent/Textures/T_Perlin_Noise_M.uasset" 340
"../../../HideVsSeekIntSc/Content/StarterContent/Materials/M_Brick_Clay_Old.uasset" 341
"../../../HideVsSeekIntSc/Content/StarterContent/Textures/T_Brick_Cut_Stone_D.uasset" 342
"../../../HideVsSeekIntSc/Content/StarterContent/Textures/T_Brick_Cut_Stone_N.uasset" 343
"../../../HideVsSeekIntSc/Content/StarterContent/Materials/M_Brick_Cut_Stone.uasset" 344
"../../../HideVsSeekIntSc/Content/StarterContent/Textures/T_Brick_Hewn_Stone_D.uasset" 345
"../../../HideVsSeekIntSc/Content/StarterContent/Textures/T_Brick_Hewn_Stone_M.uasset" 346
"../../../HideVsSeekIntSc/Content/StarterContent/Textures/T_Brick_Hewn_Stone_N.uasset" 347
"../../../HideVsSeekIntSc/Content/StarterContent/Materials/M_Brick_Hewn_Stone.uasset" 348
"../../../HideVsSeekIntSc/Content/StarterContent/Textures/T_Ceramic_Tile_M.uasset" 349
"../../../HideVsSeekIntSc/Content/StarterContent/Textures/T_Ceramic_Tile_N.uasset" 350
"../../../HideVsSeekIntSc/Content/StarterContent/Textures/T_Rock_Marble_Polished_D.uasset" 351
"../../../HideVsSeekIntSc/Content/StarterContent/Materials/M_Ceramic_Tile_Checker.uasset" 352
"../../../HideVsSeekIntSc/Content/StarterContent/Textures/T_CobbleStone_Pebble_D.uasset" 353
"../../../HideVsSeekIntSc/Content/StarterContent/Textures/T_CobbleStone_Pebble_M.uasset" 354
"../../../HideVsSeekIntSc/Content/StarterContent/Textures/T_CobbleStone_Pebble_N.uasset" 355
"../../../HideVsSeekIntSc/Content/StarterContent/Materials/M_CobbleStone_Pebble.uasset" 356
"../../../HideVsSeekIntSc/Content/StarterContent/Textures/T_CobbleStone_Rough_D.uasset" 357
"../../../HideVsSeekIntSc/Content/StarterContent/Textures/T_CobbleStone_Rough_N.uasset" 358
"../../../HideVsSeekIntSc/Content/StarterContent/Textures/T_Gradinet_01.uasset" 359
"../../../HideVsSeekIntSc/Content/StarterContent/Textures/T_Rock_Smooth_Granite_D.uasset" 360
"../../../HideVsSeekIntSc/Content/StarterContent/Materials/M_CobbleStone_Rough.uasset" 361
"../../../HideVsSeekIntSc/Content/StarterContent/Textures/T_CobbleStone_Smooth_D.uasset" 362
"../../../HideVsSeekIntSc/Content/StarterContent/Textures/T_CobbleStone_Smooth_M.uasset" 363
"../../../HideVsSeekIntSc/Content/StarterContent/Textures/T_CobbleStone_Smooth_N.uasset" 364
"../../../HideVsSeekIntSc/Content/StarterContent/Materials/M_CobbleStone_Smooth.uasset" 365
"../../../HideVsSeekIntSc/Content/StarterContent/Textures/T_Concrete_Grime_D.uasset" 366
"../../../HideVsSeekIntSc/Content/StarterContent/Textures/T_Metal_Rust_N.uasset" 367
"../../../HideVsSeekIntSc/Content/StarterContent/Materials/M_Concrete_Grime.uasset" 368
"../../../HideVsSeekIntSc/Content/StarterContent/Textures/T_Concrete_Panels_D.uasset" 369
"../../../HideVsSeekIntSc/Content/StarterContent/Textures/T_Concrete_Panels_N.uasset" 370
"../../../HideVsSeekIntSc/Content/StarterContent/Materials/M_Concrete_Panels.uasset" 371
"../../../HideVsSeekIntSc/Content/StarterContent/Textures/T_Concrete_Poured_D.uasset" 372
"../../../HideVsSeekIntSc/Content/StarterContent/Textures/T_Concrete_Poured_N.uasset" 373
"../../../HideVsSeekIntSc/Content/StarterContent/Materials/M_Concrete_Poured.uasset" 374
"../../../HideVsSeekIntSc/Content/StarterContent/Textures/T_Concrete_Tiles_D.uasset" 375
"../../../HideVsSeekIntSc/Content/StarterContent/Textures/T_Concrete_Tiles_M.uasset" 376
"../../../HideVsSeekIntSc/Content/StarterContent/Textures/T_Concrete_Tiles_N.uasset" 377
"../../../HideVsSeekIntSc/Content/StarterContent/Textures/T_Concrete_Tiles_Variation_M.uasset" 378
"../../../HideVsSeekIntSc/Content/StarterContent/Materials/M_Concrete_Tiles.uasset" 379
"../../../HideVsSeekIntSc/Content/StarterContent/Textures/T_Ground_Grass_D.uasset" 380
"../../../HideVsSeekIntSc/Content/StarterContent/Textures/T_Ground_Grass_N.uasset" 381
"../../../HideVsSeekIntSc/Content/StarterContent/Materials/M_Ground_Grass.uasset" 382
"../../../HideVsSeekIntSc/Content/StarterContent/Textures/T_Ground_Gravel_D.uasset" 383
"../../../HideVsSeekIntSc/Content/StarterContent/Textures/T_Ground_Gravel_N.uasset" 384
"../../../HideVsSeekIntSc/Content/StarterContent/Materials/M_Ground_Gravel.uasset" 385
"../../../HideVsSeekIntSc/Content/StarterContent/Textures/T_ground_Moss_D.uasset" 386
"../../../HideVsSeekIntSc/Content/StarterContent/Textures/T_Ground_Moss_N.uasset" 387
"../../../HideVsSeekIntSc/Content/StarterContent/Materials/M_Ground_Moss.uasset" 388
"../../../HideVsSeekIntSc/Content/StarterContent/Materials/M_Metal_Chrome.uasset" 389
"../../../HideVsSeekIntSc/Content/StarterContent/Textures/T_Metal_Gold_D.uasset" 390
"../../../HideVsSeekIntSc/Content/StarterContent/Materials/M_Metal_Gold.uasset" 391
"../../../HideVsSeekIntSc/Content/StarterContent/Textures/T_Metal_Rust_D.uasset" 392
"../../../HideVsSeekIntSc/Content/StarterContent/Materials/M_Metal_Rust.uasset" 393
"../../../HideVsSeekIntSc/Content/StarterContent/Textures/T_Metal_Steel_D.uasset" 394
"../../../HideVsSeekIntSc/Content/StarterContent/Textures/T_Metal_Steel_N.uasset" 395
"../../../HideVsSeekIntSc/Content/StarterContent/Materials/M_Metal_Steel.uasset" 396
"../../../HideVsSeekIntSc/Content/StarterContent/Textures/T_Rock_Basalt_N.uasset" 397
"../../../HideVsSeekIntSc/Content/StarterContent/Materials/M_Rock_Basalt.uasset" 398
"../../../HideVsSeekIntSc/Content/StarterContent/Materials/M_Rock_Marble_Polished.uasset" 399
"../../../HideVsSeekIntSc/Content/StarterContent/Textures/T_Rock_Sandstone_D.uasset" 400
"../../../HideVsSeekIntSc/Content/StarterContent/Textures/T_Rock_Sandstone_N.uasset" 401
"../../../HideVsSeekIntSc/Content/StarterContent/Materials/M_Rock_Sandstone.uasset" 402
"../../../HideVsSeekIntSc/Content/StarterContent/Textures/T_Rock_Slate_D.uasset" 403
"../../../HideVsSeekIntSc/Content/StarterContent/Textures/T_Rock_Slate_N.uasset" 404
"../../../HideVsSeekIntSc/Content/StarterContent/Materials/M_Rock_Slate.uasset" 405
"../../../HideVsSeekIntSc/Content/StarterContent/Textures/T_Checker_Noise_M.uasset" 406
"../../../HideVsSeekIntSc/Content/StarterContent/Textures/T_Single_Tile_N.uasset" 407
"../../../HideVsSeekIntSc/Content/StarterContent/Textures/T_Tech_Dot_M.uasset" 408
"../../../HideVsSeekIntSc/Content/StarterContent/Textures/T_Tech_Dot_N.uasset" 409
"../../../HideVsSeekIntSc/Content/StarterContent/Materials/M_Tech_Checker_Dot.uasset" 410
"../../../HideVsSeekIntSc/Content/StarterContent/Textures/T_Tech_Hex_Tile_M.uasset" 411
"../../../HideVsSeekIntSc/Content/StarterContent/Textures/T_Tech_Hex_Tile_N.uasset" 412
"../../../HideVsSeekIntSc/Content/StarterContent/Materials/M_Tech_Hex_Tile.uasset" 413
"../../../HideVsSeekIntSc/Content/StarterContent/Materials/M_Tech_Hex_Tile_Pulse.uasset" 414
"../../../HideVsSeekIntSc/Content/StarterContent/Textures/T_Tech_Panel_M.uasset" 415
"../../../HideVsSeekIntSc/Content/StarterContent/Textures/T_Tech_Panel_N.uasset" 416
"../../../HideVsSeekIntSc/Content/StarterContent/Materials/M_Tech_Panel.uasset" 417
"../../../HideVsSeekIntSc/Content/StarterContent/Materials/M_Water_Lake.uasset" 418
"../../../HideVsSeekIntSc/Content/StarterContent/Textures/T_Water_M.uasset" 419
"../../../HideVsSeekIntSc/Content/StarterContent/Materials/M_Water_Ocean.uasset" 420
"../../../HideVsSeekIntSc/Content/StarterContent/Textures/T_Wood_Floor_Walnut_D.uasset" 421
"../../../HideVsSeekIntSc/Content/StarterContent/Textures/T_Wood_Floor_Walnut_M.uasset" 422
"../../../HideVsSeekIntSc/Content/StarterContent/Textures/T_Wood_Floor_Walnut_N.uasset" 423
"../../../HideVsSeekIntSc/Content/StarterContent/Materials/M_Wood_Floor_Walnut_Polished.uasset" 424
"../../../Engine/Content/Functions/Engine_MaterialFunctions01/Opacity/AlphaOffset.uasset" 425
"../../../HideVsSeekIntSc/Content/StarterContent/Materials/M_Wood_Floor_Walnut_Worn.uasset" 426
"../../../HideVsSeekIntSc/Content/StarterContent/Textures/T_Wood_Oak_D.uasset" 427
"../../../HideVsSeekIntSc/Content/StarterContent/Textures/T_Wood_Oak_N.uasset" 428
"../../../HideVsSeekIntSc/Content/StarterContent/Materials/M_Wood_Oak.uasset" 429
"../../../HideVsSeekIntSc/Content/StarterContent/Textures/T_Wood_Pine_D.uasset" 430
"../../../HideVsSeekIntSc/Content/StarterContent/Textures/T_Wood_Pine_N.uasset" 431
"../../../HideVsSeekIntSc/Content/StarterContent/Materials/M_Wood_Pine.uasset" 432
"../../../HideVsSeekIntSc/Content/StarterContent/Textures/T_Wood_Walnut_D.uasset" 433
"../../../HideVsSeekIntSc/Content/StarterContent/Textures/T_Wood_Walnut_N.uasset" 434
"../../../HideVsSeekIntSc/Content/StarterContent/Materials/M_Wood_Walnut.uasset" 435
"../../../HideVsSeekIntSc/Content/StarterContent/Architecture/Wall_400x200.uasset" 436
"../../../HideVsSeekIntSc/Content/StarterContent/Architecture/Wall_Door_400x300.uasset" 437
"../../../HideVsSeekIntSc/Content/StarterContent/Architecture/Wall_Window_400x300.uasset" 438
"../../../HideVsSeekIntSc/Content/StarterContent/Audio/Collapse_Cue.uasset" 439
"../../../HideVsSeekIntSc/Content/StarterContent/Audio/Starter_Music_Cue.uasset" 440
"../../../HideVsSeekIntSc/Content/StarterContent/Textures/T_Dust_Particle_D.uasset" 441
"../../../HideVsSeekIntSc/Content/StarterContent/Particles/Materials/M_Dust_Particle.uasset" 442
"../../../HideVsSeekIntSc/Content/StarterContent/Particles/P_Ambient_Dust.uasset" 443
"../../../HideVsSeekIntSc/Content/StarterContent/Props/MaterialSphere.uasset" 444
"../../../HideVsSeekIntSc/Content/StarterContent/Textures/T_Frame_M.uasset" 445
"../../../HideVsSeekIntSc/Content/StarterContent/Textures/T_Frame_N.uasset" 446
"../../../HideVsSeekIntSc/Content/StarterContent/Props/Materials/M_Frame.uasset" 447
"../../../HideVsSeekIntSc/Content/StarterContent/Props/SM_CornerFrame.uasset" 448
"../../../HideVsSeekIntSc/Content/StarterContent/Props/SM_DoorFrame.uasset" 449
"../../../HideVsSeekIntSc/Content/StarterContent/Props/SM_GlassWindow.uasset" 450
"../../../HideVsSeekIntSc/Content/StarterContent/Props/SM_PillarFrame.uasset" 451
"../../../HideVsSeekIntSc/Content/StarterContent/Props/SM_PillarFrame300.uasset" 452
"../../../HideVsSeekIntSc/Content/StarterContent/Props/SM_WindowFrame.uasset" 453
"../../../HideVsSeekIntSc/Content/StarterContent/Shapes/Shape_Cube.uasset" 454
"../../../HideVsSeekIntSc/Content/StarterContent/Shapes/Shape_QuadPyramid.uasset" 455
"../../../HideVsSeekIntSc/Content/StarterContent/Shapes/Shape_Sphere.uasset" 456
"../../../HideVsSeekIntSc/Content/StarterContent/Maps/StarterMap.umap" 457
"../../../Engine/Content/EditorBlueprintResources/ActorMacros.uasset" 458
"../../../HideVsSeekIntSc/Content/Mannequin/Character/Mesh/UE4_Mannequin_Skeleton.uasset" 459
"../../../HideVsSeekIntSc/Content/Mannequin/Animations/ThirdPerson_Jump.uasset" 460
"../../../HideVsSeekIntSc/Content/Mannequin/Animations/ThirdPersonJump_Loop.uasset" 461
"../../../HideVsSeekIntSc/Content/Mannequin/Animations/ThirdPersonJump_Start.uasset" 462
"../../../HideVsSeekIntSc/Content/Mannequin/Animations/ThirdPersonIdle.uasset" 463
"../../../HideVsSeekIntSc/Content/Mannequin/Animations/ThirdPersonRun.uasset" 464
"../../../HideVsSeekIntSc/Content/Mannequin/Animations/ThirdPersonWalk.uasset" 465
"../../../HideVsSeekIntSc/Content/Mannequin/Animations/ThirdPerson_IdleRun_2D.uasset" 466
"../../../HideVsSeekIntSc/Content/Mannequin/Animations/ThirdPerson_AnimBP.uasset" 467
"../../../HideVsSeekIntSc/Content/Blueprints/Arturo/GenericPlayer.uasset" 468
"../../../HideVsSeekIntSc/Content/Blueprints/Arpit/AbilityMapUI/First_Ability_Text_Interface.uasset" 469
"../../../HideVsSeekIntSc/Content/Blueprints/Arpit/AbilityMapUI/Second_Ability_Text_Interface.uasset" 470
"../../../HideVsSeekIntSc/Content/Blueprints/Arpit/Health/Health_State.uasset" 471
"../../../HideVsSeekIntSc/Content/Blueprints/Arpit/Elimination_widget.uasset" 472
"../../../HideVsSeekIntSc/Content/Blueprints/Arpit/Health/3DHealth.uasset" 473
"../../../HideVsSeekIntSc/Content/Blueprints/Arpit/Pause_Menu.uasset" 474
"../../../HideVsSeekIntSc/Content/Blueprints/Arpit/Arpit_Test_Character.uasset" 475
"../../../Engine/Content/ArtTools/RenderToTexture/Materials/Debug/M_Graph_Inputs.uasset" 476
"../../../Engine/Content/BasicShapes/BasicShapeMaterial.uasset" 477
"../../../HideVsSeekIntSc/Content/Assets/Materials/BlueColor.uasset" 478
"../../../HideVsSeekIntSc/Content/Blueprints/Arpit/DoornSwitch/NewFolder/Button_Coluuuor.uasset" 479
"../../../HideVsSeekIntSc/Content/Blueprints/Arpit/DoornSwitch/NewFolder/anisotropic1.uasset" 480
"../../../HideVsSeekIntSc/Content/Blueprints/Arpit/DoornSwitch/StaticMesh/Button_Color_Green.uasset" 481
"../../../HideVsSeekIntSc/Content/Blueprints/Arpit/DoornSwitch/NewFolder/anisotropic2.uasset" 482
"../../../HideVsSeekIntSc/Content/Blueprints/Arpit/DoornSwitch/StaticMesh/Button_Color.uasset" 483
"../../../HideVsSeekIntSc/Content/Blueprints/Arpit/DoornSwitch/StaticMesh/anisotropic1.uasset" 484
"../../../Engine/Content/BasicShapes/Cube.uasset" 485
"../../../HideVsSeekIntSc/Content/Blueprints/Arpit/DoornSwitch/StaticMesh/Button.uasset" 486
"../../../HideVsSeekIntSc/Content/Materials/_Colors/Spawner_Color.uasset" 487
"../../../HideVsSeekIntSc/Content/Materials/Spawner_MAt.uasset" 488
"../../../HideVsSeekIntSc/Content/Meshes/Cube.uasset" 489
"../../../HideVsSeekIntSc/Content/Blueprints/Arpit/DoornSwitch/Double_Switch_Blueprint.uasset" 490
"../../../HideVsSeekIntSc/Content/Seeker/SK_Mannequin_Arms_Skeleton.uasset" 491
"../../../HideVsSeekIntSc/Content/Seeker/SK_Mannequin_Arms_Anim.uasset" 492
"../../../HideVsSeekIntSc/Content/Blueprints/Daniel/CTP/CTPLevelSettings.uasset" 493
"../../../HideVsSeekIntSc/Content/Blueprints/Arpit/ObjectiveMarker_Interface.uasset" 494
"../../../HideVsSeekIntSc/Content/Blueprints/Arpit/Test_Asset/C_ObjectiveMarker_Border.uasset" 495
"../../../HideVsSeekIntSc/Content/Blueprints/Arpit/Test_Asset/C_ObjectiveMarker_MainBody.uasset" 496
"../../../HideVsSeekIntSc/Content/Blueprints/Arpit/Test_Asset/Objective_Material.uasset" 497
"../../../HideVsSeekIntSc/Content/UI/UIAsset/Reticle_Sight_Cursor.uasset" 498
"../../../HideVsSeekIntSc/Content/Blueprints/Arpit/ReticleHUD.uasset" 499
"../../../HideVsSeekIntSc/Content/Materials/TargetArea.uasset" 500
"../../../Engine/Content/BasicShapes/Sphere.uasset" 501
"../../../HideVsSeekIntSc/Content/Capture_Point/capturepoint_beam3.uasset" 502
"../../../HideVsSeekIntSc/Content/Capture_Point/lambert2.uasset" 503
"../../../HideVsSeekIntSc/Content/Capture_Point/capturepoint3.uasset" 504
"../../../HideVsSeekIntSc/Content/Capture_Point/capturepoint3_alpha.uasset" 505
"../../../HideVsSeekIntSc/Content/Capture_Point/lambert4.uasset" 506
"../../../HideVsSeekIntSc/Content/Capture_Point/capturepoint_03.uasset" 507
"../../../HideVsSeekIntSc/Content/Blueprints/Daniel/CTP/TargetArea.uasset" 508
"../../../HideVsSeekIntSc/Content/Blueprints/Daniel/CTP/TargetAreasManager.uasset" 509
"../../../HideVsSeekIntSc/Content/Geometry/FinalArt/Doors/door_dif_01.uasset" 510
"../../../HideVsSeekIntSc/Content/Geometry/FinalArt/Doors/doorwind.uasset" 511
"../../../HideVsSeekIntSc/Content/Geometry/FinalArt/Doors/tall_door_01.uasset" 512
"../../../HideVsSeekIntSc/Content/Geometry/FinalArt/Doors/tall_door_02.uasset" 513
"../../../HideVsSeekIntSc/Content/Blueprints/Sudeep/Doors.uasset" 514
"../../../HideVsSeekIntSc/Content/GameModes/Hider_Tutorial.uasset" 515
"../../../HideVsSeekIntSc/Content/GameModes/Seeker_Tutorial.uasset" 516
"../../../HideVsSeekIntSc/Content/Geometry/FinalArt/Grey.uasset" 517
"../../../HideVsSeekIntSc/Content/Geometry/FinalArt/NORMAL.uasset" 518
"../../../HideVsSeekIntSc/Content/Geometry/FinalArt/Mat_PhyMap_Value.uasset" 519
"../../../HideVsSeekIntSc/Content/Geometry/FinalArt/Barrel/Barrel_ALBEDO.uasset" 520
"../../../HideVsSeekIntSc/Content/Geometry/FinalArt/Barrel/Barrel_NORM.uasset" 521
"../../../HideVsSeekIntSc/Content/Geometry/FinalArt/Barrel/Barrel_SPEC.uasset" 522
"../../../HideVsSeekIntSc/Content/Geometry/FinalArt/Barrel/Mat_Barrel.uasset" 523
"../../../HideVsSeekIntSc/Content/Geometry/FinalArt/Barrel/Barrel.uasset" 524
"../../../HideVsSeekIntSc/Content/Geometry/FinalArt/BirdCage/BirdCage_ALBEDO.uasset" 525
"../../../HideVsSeekIntSc/Content/Materials/GenericMat/BirdCage_Mat.uasset" 526
"../../../HideVsSeekIntSc/Content/Geometry/FinalArt/BirdCage/Bird_Cage__1_.uasset" 527
"../../../HideVsSeekIntSc/Content/Geometry/FinalArt/EndTable/EndTableandItems_ALBEDO.uasset" 528
"../../../HideVsSeekIntSc/Content/Geometry/FinalArt/EndTable/EndTableandItems_NORM.uasset" 529
"../../../HideVsSeekIntSc/Content/Geometry/FinalArt/EndTable/EndTableandItems_SPEC.uasset" 530
"../../../HideVsSeekIntSc/Content/Geometry/FinalArt/EndTable/Mat_EndTable.uasset" 531
"../../../HideVsSeekIntSc/Content/Geometry/FinalArt/EndTable/End_Table_and_Items.uasset" 532
"../../../HideVsSeekIntSc/Content/Geometry/FinalArt/Log_Holder/LogHolder_ALBEDO.uasset" 533
"../../../HideVsSeekIntSc/Content/Geometry/FinalArt/Log_Holder/LogHolder_NORM.uasset" 534
"../../../HideVsSeekIntSc/Content/Geometry/FinalArt/Log_Holder/LogHolder_SPEC.uasset" 535
"../../../HideVsSeekIntSc/Content/Geometry/FinalArt/Log_Holder/Mat_LogWood.uasset" 536
"../../../HideVsSeekIntSc/Content/Geometry/FinalArt/Log_Holder/LogHolder.uasset" 537
"../../../HideVsSeekIntSc/Content/Meshes/chair001/Chair_Texture.uasset" 538
"../../../HideVsSeekIntSc/Content/Meshes/chair001/lambert1.uasset" 539
"../../../HideVsSeekIntSc/Content/Meshes/chair001/chair.uasset" 540
"../../../HideVsSeekIntSc/Content/Meshes/Speaker/Speaker_ALBEDO.uasset" 541
"../../../HideVsSeekIntSc/Content/Meshes/Speaker/Speaker_NORM.uasset" 542
"../../../HideVsSeekIntSc/Content/Meshes/Speaker/Speaker_SPEC.uasset" 543
"../../../HideVsSeekIntSc/Content/Meshes/Speaker/blinn1.uasset" 544
"../../../HideVsSeekIntSc/Content/Meshes/Speaker/Prop_Speaker__3_.uasset" 545
"../../../HideVsSeekIntSc/Content/Blueprints/Daniel/RandomObjectsRoom/ReplaceableMeshActor.uasset" 546
"../../../HideVsSeekIntSc/Content/Blueprints/Daniel/RandomObjectsRoom/RandomAreaItem.uasset" 547
"../../../HideVsSeekIntSc/Content/Blueprints/Daniel/RandomObjectsRoom/RandomItemBox.uasset" 548
"../../../HideVsSeekIntSc/Content/Blueprints/Daniel/RandomObjectsRoom/RandomItemsArea.uasset" 549
"../../../HideVsSeekIntSc/Content/Blueprints/Daniel/TestPlayerController.uasset" 550
"../../../HideVsSeekIntSc/Content/Geometry/FinalArt/Fridge/Fridge_inside_ALBEDO.uasset" 551
"../../../HideVsSeekIntSc/Content/Geometry/FinalArt/Fridge/Fridge_inside_METALNESS.uasset" 552
"../../../HideVsSeekIntSc/Content/Geometry/FinalArt/Fridge/Fridge_inside_NORMAL.uasset" 553
"../../../HideVsSeekIntSc/Content/Materials/GenericMat/Fridge_Mat.uasset" 554
"../../../HideVsSeekIntSc/Content/Geometry/FinalArt/Fridge/Fridge_ALBEDO.uasset" 555
"../../../HideVsSeekIntSc/Content/Geometry/FinalArt/Fridge/Fridge_ROUGHNESS.uasset" 556
"../../../HideVsSeekIntSc/Content/Materials/GenericMat/FridgeExt_Mat.uasset" 557
"../../../HideVsSeekIntSc/Content/Geometry/FinalArt/Fridge/Refrigerator.uasset" 558
"../../../HideVsSeekIntSc/Content/Blueprints/Sudeep/Target.uasset" 559
"../../../HideVsSeekIntSc/Content/Seeker/M_UE4Man_Body.uasset" 560
"../../../HideVsSeekIntSc/Content/Seeker/SK_Mannequin_Arms_PhysicsAsset.uasset" 561
"../../../HideVsSeekIntSc/Content/Seeker/SK_Mannequin_Arms.uasset" 562
"../../../HideVsSeekIntSc/Content/GameModes/CaptureThePoint.uasset" 563
"../../../HideVsSeekIntSc/Content/Blueprints/Daniel/CTP/CTPGameState.uasset" 564
"../../../HideVsSeekIntSc/Content/GameModes/LastHider.uasset" 565
"../../../HideVsSeekIntSc/Content/UI/GameScreen/CountDown_UIWidget.uasset" 566
"../../../HideVsSeekIntSc/Content/Blueprints/Arpit/AbilityMapUI/HiderAbility_ImageUI.uasset" 567
"../../../HideVsSeekIntSc/Content/Blueprints/Arpit/AbilityMapUI/SeekerAbility_ImageUI.uasset" 568
"../../../HideVsSeekIntSc/Content/Blueprints/Arpit/Number_Objectives.uasset" 569
"../../../HideVsSeekIntSc/Content/UI/UIAsset/GameScreenWireFrame.uasset" 570
"../../../HideVsSeekIntSc/Content/UI/UIAsset/Goo_Meter.uasset" 571
"../../../HideVsSeekIntSc/Content/UI/UIAsset/Goo_Meter_Empty.uasset" 572
"../../../HideVsSeekIntSc/Content/UI/GameScreen/GooProgress.uasset" 573
"../../../HideVsSeekIntSc/Content/UI/UIAsset/SkillIcons/SmokeScreen_Icon.uasset" 574
"../../../HideVsSeekIntSc/Content/UI/UIAsset/SkillIcons/SpeedBoost_Icon.uasset" 575
"../../../HideVsSeekIntSc/Content/UI/GameScreen/Hider_GameScreen.uasset" 576
"../../../HideVsSeekIntSc/Content/UI/UIAsset/SkillIcons/HotandColdIdentifier_Icon.uasset" 577
"../../../HideVsSeekIntSc/Content/UI/UIAsset/SkillIcons/PaintGrenade_Icon.uasset" 578
"../../../HideVsSeekIntSc/Content/UI/GameScreen/Seeker_GameScreen.uasset" 579
"../../../HideVsSeekIntSc/Content/UI/UIAsset/CharacterPicking.uasset" 580
"../../../HideVsSeekIntSc/Content/UI/UIAsset/vs_grey_hider.uasset" 581
"../../../HideVsSeekIntSc/Content/UI/UIAsset/vs_grey_seeker.uasset" 582
"../../../HideVsSeekIntSc/Content/UI/UIAsset/vs_open_hider.uasset" 583
"../../../HideVsSeekIntSc/Content/UI/UIAsset/vs_open_seeker.uasset" 584
"../../../HideVsSeekIntSc/Content/UI/CharacterSelectionScreen/Player_Selection.uasset" 585
"../../../HideVsSeekIntSc/Content/UI/UIAsset/Health-Meter-Empty.uasset" 586
"../../../HideVsSeekIntSc/Content/UI/UIAsset/Health_Meter.uasset" 587
"../../../HideVsSeekIntSc/Content/UI/UIAsset/Health_Meter_Patch_and_Cap.uasset" 588
"../../../HideVsSeekIntSc/Content/UI/GameScreen/Health_Bar.uasset" 589
"../../../HideVsSeekIntSc/Content/UI/GameScreen/MatchTimer.uasset" 590
"../../../HideVsSeekIntSc/Content/UI/WinFailScreen/HIderWinsWidget.uasset" 591
"../../../HideVsSeekIntSc/Content/UI/WinFailScreen/SeekerWinsWidget.uasset" 592
"../../../HideVsSeekIntSc/Content/Blueprints/Daniel/CTP/CTPPlayerController.uasset" 593
"../../../HideVsSeekIntSc/Content/ParticleSystem/beam_texture/BaseBeam.uasset" 594
"../../../HideVsSeekIntSc/Content/ParticleSystem/beam_texture/BeamPulse.uasset" 595
"../../../HideVsSeekIntSc/Content/Materials/beam_mat.uasset" 596
"../../../HideVsSeekIntSc/Content/ParticleSystem/beam.uasset" 597
"../../../HideVsSeekIntSc/Content/Blueprints/Sudeep/beam.uasset" 598
"../../../HideVsSeekIntSc/Content/Meshes/Ability_Art/blinn4.uasset" 599
"../../../HideVsSeekIntSc/Content/Meshes/Ability_Art/Board001.uasset" 600
"../../../HideVsSeekIntSc/Content/Blueprints/Sudeep/Blockade_Logs.uasset" 601
"../../../Engine/Content/BasicShapes/Cone.uasset" 602
"../../../HideVsSeekIntSc/Content/Blueprints/Sudeep/SilenceTrap.uasset" 603
"../../../HideVsSeekIntSc/Content/StarterContent/Particles/Smoke_Green.uasset" 604
"../../../HideVsSeekIntSc/Content/Blueprints/Sudeep/Smoke_Green.uasset" 605
"../../../HideVsSeekIntSc/Content/Blueprints/Sudeep/Smoke_Screen.uasset" 606
"../../../Engine/Content/BasicShapes/Cylinder.uasset" 607
"../../../HideVsSeekIntSc/Content/Sounds/3_second_Fire_Alarm_Cue.uasset" 608
"../../../HideVsSeekIntSc/Content/Sounds/trap_closing_Cue.uasset" 609
"../../../HideVsSeekIntSc/Content/Blueprints/Sudeep/Trap.uasset" 610
"../../../HideVsSeekIntSc/Content/Geometry/FinalArt/BatBrush/batbrushTexture.uasset" 611
"../../../HideVsSeekIntSc/Content/Geometry/FinalArt/BatBrush/Mat_BatBrush.uasset" 612
"../../../HideVsSeekIntSc/Content/Geometry/FinalArt/BatBrush/BatbrushTextured.uasset" 613
"../../../HideVsSeekIntSc/Content/Geometry/FinalArt/BirdCage/BirdCage_SPEC.uasset" 614
"../../../HideVsSeekIntSc/Content/Geometry/FinalArt/BirdCage/Mat_Birdcage.uasset" 615
"../../../HideVsSeekIntSc/Content/Geometry/FinalArt/BirdCage/Bird_Cage.uasset" 616
"../../../HideVsSeekIntSc/Content/Geometry/FinalArt/chair001/Chair_Texture.uasset" 617
"../../../HideVsSeekIntSc/Content/Geometry/FinalArt/chair001/Mat_Chair001.uasset" 618
"../../../HideVsSeekIntSc/Content/Geometry/FinalArt/chair001/chair.uasset" 619
"../../../HideVsSeekIntSc/Content/Materials/_Colors/chairs_blue.uasset" 620
"../../../HideVsSeekIntSc/Content/Materials/Objects/Chair002.uasset" 621
"../../../HideVsSeekIntSc/Content/Geometry/FinalArt/Chair002/Chair002.uasset" 622
"../../../HideVsSeekIntSc/Content/Geometry/FinalArt/CoatRack/CoatRack_ALBEDO.uasset" 623
"../../../HideVsSeekIntSc/Content/Geometry/FinalArt/CoatRack/CoatRack_SPEC.uasset" 624
"../../../HideVsSeekIntSc/Content/Geometry/FinalArt/CoatRack/Mat_CoatRack.uasset" 625
"../../../HideVsSeekIntSc/Content/Geometry/FinalArt/CoatRack/CoatRack.uasset" 626
"../../../HideVsSeekIntSc/Content/Geometry/FinalArt/CowboyHatBoots/hat_boots_ALBEDO.uasset" 627
"../../../HideVsSeekIntSc/Content/Geometry/FinalArt/CowboyHatBoots/hat_boots_SPEC.uasset" 628
"../../../HideVsSeekIntSc/Content/Geometry/FinalArt/CowboyHatBoots/Mat_hatboots.uasset" 629
"../../../HideVsSeekIntSc/Content/Geometry/FinalArt/CowboyHatBoots/Cowboy_boots1.uasset" 630
"../../../HideVsSeekIntSc/Content/Geometry/FinalArt/CowboyHatBoots/Cowboy_hat1.uasset" 631
"../../../HideVsSeekIntSc/Content/Geometry/FinalArt/Dresser_Kids/Dresser_Kids_ALBEDO.uasset" 632
"../../../HideVsSeekIntSc/Content/Geometry/FinalArt/Dresser_Kids/Dresser_Kids_NRM.uasset" 633
"../../../HideVsSeekIntSc/Content/Geometry/FinalArt/Dresser_Kids/Dresser_Kids_SPEC.uasset" 634
"../../../HideVsSeekIntSc/Content/Materials/GenericMat/Dresser_Kids_Mat.uasset" 635
"../../../HideVsSeekIntSc/Content/Geometry/FinalArt/Dresser_Kids/Dresser_Kids.uasset" 636
"../../../HideVsSeekIntSc/Content/Geometry/FinalArt/FootBench/FootBench_ALBEDO.uasset" 637
"../../../HideVsSeekIntSc/Content/Geometry/FinalArt/FootBench/FootBench_NRM.uasset" 638
"../../../HideVsSeekIntSc/Content/Geometry/FinalArt/FootBench/FootBench_SPEC.uasset" 639
"../../../HideVsSeekIntSc/Content/Geometry/FinalArt/FootBench/Mat_FootBench.uasset" 640
"../../../HideVsSeekIntSc/Content/Geometry/FinalArt/FootBench/Foot_Bench.uasset" 641
"../../../HideVsSeekIntSc/Content/Geometry/FinalArt/FoyerTable/Foyer_ALBEDO.uasset" 642
"../../../HideVsSeekIntSc/Content/Geometry/FinalArt/FoyerTable/Foyer_NRM.uasset" 643
"../../../HideVsSeekIntSc/Content/Geometry/FinalArt/FoyerTable/Foyer_SPEC.uasset" 644
"../../../HideVsSeekIntSc/Content/Geometry/FinalArt/FoyerTable/Mat_FoyerTable.uasset" 645
"../../../HideVsSeekIntSc/Content/Geometry/FinalArt/FoyerTable/Foyer_Table.uasset" 646
"../../../HideVsSeekIntSc/Content/Geometry/FinalArt/Lamp/Lamp-NRM.uasset" 647
"../../../HideVsSeekIntSc/Content/Geometry/FinalArt/Lamp/Lamp_ALBEDO.uasset" 648
"../../../HideVsSeekIntSc/Content/Geometry/FinalArt/Lamp/Lamp_SPEC.uasset" 649
"../../../HideVsSeekIntSc/Content/Geometry/FinalArt/Lamp/Mat_Lamp.uasset" 650
"../../../HideVsSeekIntSc/Content/Geometry/FinalArt/Lamp/Lamp.uasset" 651
"../../../HideVsSeekIntSc/Content/Geometry/FinalArt/Microwave/Microwave_ALBEDO.uasset" 652
"../../../HideVsSeekIntSc/Content/Geometry/FinalArt/Microwave/Microwave_METALNESS.uasset" 653
"../../../HideVsSeekIntSc/Content/Geometry/FinalArt/Microwave/Microwave_ROUGHNESS.uasset" 654
"../../../HideVsSeekIntSc/Content/Materials/GenericMat/Microwave_Mat.uasset" 655
"../../../HideVsSeekIntSc/Content/Geometry/FinalArt/Microwave/microwave.uasset" 656
"../../../HideVsSeekIntSc/Content/Geometry/FinalArt/Pillow/Pillow_ALBEDO.uasset" 657
"../../../HideVsSeekIntSc/Content/Geometry/FinalArt/Pillow/Pillow_NRM.uasset" 658
"../../../HideVsSeekIntSc/Content/Geometry/FinalArt/Pillow/Pillow_SPEC.uasset" 659
"../../../HideVsSeekIntSc/Content/Geometry/FinalArt/Pillow/Mat_Pillow.uasset" 660
"../../../HideVsSeekIntSc/Content/Geometry/FinalArt/Pillow/Pillows.uasset" 661
"../../../HideVsSeekIntSc/Content/Geometry/FinalArt/Mat_PhyAllMap_NormBlueChannel.uasset" 662
"../../../HideVsSeekIntSc/Content/Geometry/FinalArt/Plunger/PlungerDiffuse.uasset" 663
"../../../HideVsSeekIntSc/Content/Geometry/FinalArt/Plunger/PlungerMetallic.uasset" 664
"../../../HideVsSeekIntSc/Content/Geometry/FinalArt/Plunger/PlungerRough.uasset" 665
"../../../HideVsSeekIntSc/Content/Geometry/FinalArt/Plunger/Mat_Plunger.uasset" 666
"../../../HideVsSeekIntSc/Content/Geometry/FinalArt/Plunger/Plunger.uasset" 667
"../../../HideVsSeekIntSc/Content/Geometry/FinalArt/Mat_PhyAllMap.uasset" 668
"../../../HideVsSeekIntSc/Content/Geometry/FinalArt/Radiator/Radiator_Albedo.uasset" 669
"../../../HideVsSeekIntSc/Content/Geometry/FinalArt/Radiator/Radiator_Normal.uasset" 670
"../../../HideVsSeekIntSc/Content/Geometry/FinalArt/Radiator/Radiator_Roughness.uasset" 671
"../../../HideVsSeekIntSc/Content/Geometry/FinalArt/Radiator/Mat_Radiator.uasset" 672
"../../../HideVsSeekIntSc/Content/Geometry/FinalArt/Radiator/radiator.uasset" 673
"../../../HideVsSeekIntSc/Content/Geometry/FinalArt/Speaker/Speaker_ALBEDO.uasset" 674
"../../../HideVsSeekIntSc/Content/Geometry/FinalArt/Speaker/Speaker_NORM.uasset" 675
"../../../HideVsSeekIntSc/Content/Geometry/FinalArt/Speaker/Speaker_SPEC.uasset" 676
"../../../HideVsSeekIntSc/Content/Geometry/FinalArt/Speaker/Mat_Speaker.uasset" 677
"../../../HideVsSeekIntSc/Content/Geometry/FinalArt/Speaker/Prop_Speaker__3_.uasset" 678
"../../../HideVsSeekIntSc/Content/Geometry/FinalArt/GooCan/Canister_ROUGHNESS.uasset" 679
"../../../HideVsSeekIntSc/Content/Materials/GenericMat/Glass_mat.uasset" 680
"../../../HideVsSeekIntSc/Content/Geometry/FinalArt/Stove/Stove_ALBEDO.uasset" 681
"../../../HideVsSeekIntSc/Content/Geometry/FinalArt/Stove/Stove_METALNESS.uasset" 682
"../../../HideVsSeekIntSc/Content/Geometry/FinalArt/Stove/Stove_NORMAL.uasset" 683
"../../../HideVsSeekIntSc/Content/Materials/GenericMat/Stove_Mat.uasset" 684
"../../../HideVsSeekIntSc/Content/Geometry/FinalArt/Stove/Stove.uasset" 685
"../../../HideVsSeekIntSc/Content/Geometry/FinalArt/StudyTable/StudyTableLegs_ALBEDO.uasset" 686
"../../../HideVsSeekIntSc/Content/Geometry/FinalArt/StudyTable/StudyTableLegs_NORM.uasset" 687
"../../../HideVsSeekIntSc/Content/Geometry/FinalArt/StudyTable/Mat_StudyTableBottom.uasset" 688
"../../../HideVsSeekIntSc/Content/Geometry/FinalArt/StudyTable/StudyTableTop_ALBEDO.uasset" 689
"../../../HideVsSeekIntSc/Content/Geometry/FinalArt/StudyTable/StudyTableTop_NORM.uasset" 690
"../../../HideVsSeekIntSc/Content/Geometry/FinalArt/StudyTable/StudyTableTop_SPEC.uasset" 691
"../../../HideVsSeekIntSc/Content/Geometry/FinalArt/StudyTable/Mat_StudyTableTop.uasset" 692
"../../../HideVsSeekIntSc/Content/Geometry/FinalArt/StudyTable/Study_Table.uasset" 693
"../../../HideVsSeekIntSc/Content/Geometry/FinalArt/TableKnife/TableKnife_ALBEDO.uasset" 694
"../../../HideVsSeekIntSc/Content/Geometry/FinalArt/TableKnife/TableKnife_SPEC.uasset" 695
"../../../HideVsSeekIntSc/Content/Geometry/FinalArt/TableKnife/Mat_TableKnife.uasset" 696
"../../../HideVsSeekIntSc/Content/Geometry/FinalArt/TableKnife/TableKnife.uasset" 697
"../../../HideVsSeekIntSc/Content/Geometry/FinalArt/Toaster/Toaster_ALBEDO.uasset" 698
"../../../HideVsSeekIntSc/Content/Geometry/FinalArt/Toaster/Toaster_METALNESS.uasset" 699
"../../../HideVsSeekIntSc/Content/Geometry/FinalArt/Toaster/Toaster_NORMAL.uasset" 700
"../../../HideVsSeekIntSc/Content/Geometry/FinalArt/Toaster/Toaster_ROUGHNESS.uasset" 701
"../../../HideVsSeekIntSc/Content/Materials/GenericMat/Toaster_Mat.uasset" 702
"../../../HideVsSeekIntSc/Content/Geometry/FinalArt/Toaster/Toaster.uasset" 703
"../../../HideVsSeekIntSc/Content/Geometry/FinalArt/Toilet/Toilet_Albedo.uasset" 704
"../../../HideVsSeekIntSc/Content/Geometry/FinalArt/Toilet/Toilet_Metalness.uasset" 705
"../../../HideVsSeekIntSc/Content/Geometry/FinalArt/Toilet/Toilet_Roughness.uasset" 706
"../../../HideVsSeekIntSc/Content/Geometry/FinalArt/Toilet/Mat_Toilet.uasset" 707
"../../../HideVsSeekIntSc/Content/Geometry/FinalArt/Toilet/Toilet.uasset" 708
"../../../HideVsSeekIntSc/Content/Geometry/FinalArt/ToyBox/ToyChest_ALBEDO.uasset" 709
"../../../HideVsSeekIntSc/Content/Geometry/FinalArt/ToyBox/ToyChest_NRM.uasset" 710
"../../../HideVsSeekIntSc/Content/Geometry/FinalArt/ToyBox/ToyChest_SPEC.uasset" 711
"../../../HideVsSeekIntSc/Content/Materials/GenericMat/ToyBox_Mat.uasset" 712
"../../../HideVsSeekIntSc/Content/Geometry/FinalArt/ToyBox/Toy_Chest_Kids.uasset" 713
"../../../HideVsSeekIntSc/Content/Geometry/FinalArt/Vases/vase_color_01.uasset" 714
"../../../HideVsSeekIntSc/Content/Geometry/FinalArt/Vases/Mat_Vases.uasset" 715
"../../../HideVsSeekIntSc/Content/Geometry/FinalArt/White.uasset" 716
"../../../HideVsSeekIntSc/Content/Geometry/FinalArt/Mat_Glowing.uasset" 717
"../../../HideVsSeekIntSc/Content/Geometry/FinalArt/Vases/vase_ALPHA_01.uasset" 718
"../../../HideVsSeekIntSc/Content/Geometry/FinalArt/Vases/vase_EMISS_01.uasset" 719
"../../../HideVsSeekIntSc/Content/Geometry/FinalArt/Vases/Mat_VasesGlowing.uasset" 720
"../../../HideVsSeekIntSc/Content/Geometry/FinalArt/Vases/vase_floating_plants_01.uasset" 721
"../../../HideVsSeekIntSc/Content/Geometry/FinalArt/Vases/vase_med_NOplants_01.uasset" 722
"../../../HideVsSeekIntSc/Content/Geometry/FinalArt/Vases/vase_med_plants_01.uasset" 723
"../../../HideVsSeekIntSc/Content/Geometry/FinalArt/Vases/vase_small_NOplants_01.uasset" 724
"../../../HideVsSeekIntSc/Content/Sounds/Pop__Morph_.uasset" 725
"../../../HideVsSeekIntSc/Content/Materials/RED_WALL_MAT/wall_norm.uasset" 726
"../../../HideVsSeekIntSc/Content/Materials/RED_WALL_MAT/wallpaper_01_red.uasset" 727
"../../../HideVsSeekIntSc/Content/Materials/RED_WALL_MAT/RED_WP.uasset" 728
"../../../HideVsSeekIntSc/Content/Blueprints/Sudeep/Grenade.uasset" 729
"../../../HideVsSeekIntSc/Content/Blueprints/Sudeep/LaunchPoint.uasset" 730
"../../../HideVsSeekIntSc/Content/ParticleSystems/PaintGrenade/G_Frag_Albedo.uasset" 731
"../../../HideVsSeekIntSc/Content/ParticleSystems/PaintGrenade/G_Frag_Roughness.uasset" 732
"../../../HideVsSeekIntSc/Content/ParticleSystems/PaintGrenade/M_Grenade_Frag.uasset" 733
"../../../HideVsSeekIntSc/Content/StarterContent/Particles/Materials/m_flare_01.uasset" 734
"../../../HideVsSeekIntSc/Content/ParticleSystems/PaintGrenade/G_Frag1.uasset" 735
"../../../HideVsSeekIntSc/Content/ParticleSystems/PaintGrenade/G_Frag2.uasset" 736
"../../../HideVsSeekIntSc/Content/ParticleSystems/PaintGrenade/P_PaintGrenade_NoSmoke.uasset" 737
"../../../HideVsSeekIntSc/Content/Blueprints/Sudeep/P_PaintGrenade_NoSmoke.uasset" 738
"../../../HideVsSeekIntSc/Content/ParticleSystems/PaintGrenade/P_PaintGrenade.uasset" 739
"../../../HideVsSeekIntSc/Content/Blueprints/Sudeep/PaintEffect.uasset" 740
"../../../HideVsSeekIntSc/Content/Geometry/FinalArt/Grenade/grenade_emis_01.uasset" 741
"../../../HideVsSeekIntSc/Content/Geometry/FinalArt/Grenade/grenade_grenade_01.uasset" 742
"../../../HideVsSeekIntSc/Content/Geometry/FinalArt/Grenade/grenade_roughness_01.uasset" 743
"../../../HideVsSeekIntSc/Content/Materials/GenericMat/Grenade_mat.uasset" 744
"../../../HideVsSeekIntSc/Content/Geometry/FinalArt/Grenade/grenade_02_comb.uasset" 745
"../../../HideVsSeekIntSc/Content/Sounds/16_bit_Grenade__Reveal_.uasset" 746
"../../../HideVsSeekIntSc/Content/Blueprints/Sudeep/Paint_Grenade.uasset" 747
"../../../HideVsSeekIntSc/Content/Blueprints/Sudeep/Trap_Decoy.uasset" 748
"../../../HideVsSeekIntSc/Content/Sounds/trap_setup_Cue.uasset" 749
"../../../HideVsSeekIntSc/Content/Blueprints/Sudeep/Trap_Grenade.uasset" 750
"../../../HideVsSeekIntSc/Content/StarterContent/Textures/T_Burst_M.uasset" 751
"../../../HideVsSeekIntSc/Content/StarterContent/Particles/Materials/M_Burst.uasset" 752
"../../../HideVsSeekIntSc/Content/ParticleSystem/shockwave.uasset" 753
"../../../HideVsSeekIntSc/Content/Blueprints/Sudeep/shockwave.uasset" 754
"../../../HideVsSeekIntSc/Content/Blueprints/Sudeep/WaterBalloon.uasset" 755
"../../../HideVsSeekIntSc/Content/SeekerBP/Blueprints/blinn1SG1.uasset" 756
"../../../HideVsSeekIntSc/Content/SeekerBP/Blueprints/SeekerBlinn1SG1.uasset" 757
"../../../HideVsSeekIntSc/Content/Blueprints/Sudeep/SeekerAbilities.uasset" 758
"../../../Engine/Content/Functions/Engine_MaterialFunctions02/Utility/Sign.uasset" 759
"../../../Engine/Content/Functions/Engine_MaterialFunctions02/Utility/Round.uasset" 760
"../../../Engine/Content/Functions/Engine_MaterialFunctions02/ExampleContent/Textures/flipbook.uasset" 761
"../../../Engine/Content/Functions/Engine_MaterialFunctions02/Texturing/FlipBook.uasset" 762
"../../../HideVsSeekIntSc/Content/UI/UIAsset/SkillCDSprites/SkillCDSprites.uasset" 763
"../../../HideVsSeekIntSc/Content/UI/UIAsset/SkillCDSprites/Mat_SkillCDSprites.uasset" 764
"../../../HideVsSeekIntSc/Content/UI/GameScreen/SkillCoolDown1.uasset" 765
"../../../HideVsSeekIntSc/Content/Blueprints/Sudeep/HiderAbilities.uasset" 766
"../../../HideVsSeekIntSc/Content/Blueprints/Sudeep/Decoy.uasset" 767
"../../../HideVsSeekIntSc/Content/Geometry/FinalArt/GooSwatch/gooswatch1.uasset" 768
"../../../HideVsSeekIntSc/Content/Geometry/FinalArt/GooSwatch/GooSwatch_Mat.uasset" 769
"../../../HideVsSeekIntSc/Content/Blueprints/Sudeep/Goo_Hologram.uasset" 770
"../../../HideVsSeekIntSc/Content/StarterContent/Shapes/Shape_Cylinder.uasset" 771
"../../../HideVsSeekIntSc/Content/Blueprints/Sudeep/GooStain.uasset" 772
"../../../HideVsSeekIntSc/Content/Meshes/Ability_Art/anisotropic2.uasset" 773
"../../../HideVsSeekIntSc/Content/Meshes/Ability_Art/blinn3.uasset" 774
"../../../HideVsSeekIntSc/Content/Meshes/Ability_Art/Weight001.uasset" 775
"../../../HideVsSeekIntSc/Content/Blueprints/Sudeep/Hanging_Object.uasset" 776
"../../../HideVsSeekIntSc/Content/Blueprints/Sudeep/Hanging_Trap.uasset" 777
"../../../HideVsSeekIntSc/Content/Blueprints/Sudeep/FlashTrail.uasset" 778
"../../../HideVsSeekIntSc/Content/Assets/Materials/RedColor.uasset" 779
"../../../HideVsSeekIntSc/Content/Blueprints/Sudeep/Paint.uasset" 780
"../../../Engine/Content/Functions/Engine_MaterialFunctions02/WorldPositionOffset/LocalPosition.uasset" 781
"../../../HideVsSeekIntSc/Content/Geometry/FinalArt/VeetexAnim/textureGrid_1k.uasset" 782
"../../../HideVsSeekIntSc/Content/Geometry/FinalArt/VeetexAnim/vertexani.uasset" 783
"../../../HideVsSeekIntSc/Content/Geometry/FinalArt/VeetexAnim/goo_minR.uasset" 784
"../../../HideVsSeekIntSc/Content/Blueprints/Sudeep/Hider_Practice.uasset" 785
"../../../HideVsSeekIntSc/Content/Blueprints/Sudeep/Doors_Rev.uasset" 786
"../../../Engine/Content/Functions/Engine_MaterialFunctions01/Gradient/LinearGradient.uasset" 787
"../../../HideVsSeekIntSc/Content/WaterVFX/M_water.uasset" 788
"../../../HideVsSeekIntSc/Content/Geometry/FinalArt/Water_Gun/drop_LRG.uasset" 789
"../../../HideVsSeekIntSc/Content/WaterVFX/Water_Drop_LRG_Particles.uasset" 790
"../../../HideVsSeekIntSc/Content/Blueprints/Sudeep/Water_Drop_LRG_Particles.uasset" 791
"../../../HideVsSeekIntSc/Content/Geometry/FinalArt/Water_Gun/cluster2.uasset" 792
"../../../HideVsSeekIntSc/Content/Geometry/FinalArt/Water_Gun/cluster3.uasset" 793
"../../../HideVsSeekIntSc/Content/Geometry/FinalArt/Water_Gun/drop_MED.uasset" 794
"../../../HideVsSeekIntSc/Content/Geometry/FinalArt/Water_Gun/drop_stretch.uasset" 795
"../../../HideVsSeekIntSc/Content/Geometry/FinalArt/Water_Gun/stream_MED.uasset" 796
"../../../HideVsSeekIntSc/Content/Blueprints/Sudeep/WaterSpray1.uasset" 797
"../../../HideVsSeekIntSc/Content/Blueprints/Sudeep/WaterSpray2.uasset" 798
"../../../HideVsSeekIntSc/Content/Geometry/FinalArt/Water_Gun/cluster1.uasset" 799
"../../../HideVsSeekIntSc/Content/Blueprints/Sudeep/WaterSpray3.uasset" 800
"../../../HideVsSeekIntSc/Content/Blueprints/Sudeep/WaterSpray4.uasset" 801
"../../../HideVsSeekIntSc/Content/Geometry/FinalArt/Seeker/Seeker_Albedo.uasset" 802
"../../../HideVsSeekIntSc/Content/Geometry/FinalArt/Seeker/Seeker_GlowMap.uasset" 803
"../../../HideVsSeekIntSc/Content/Geometry/FinalArt/Seeker/Seeker_Normal.uasset" 804
"../../../HideVsSeekIntSc/Content/Geometry/FinalArt/Seeker/Seeker_Roughness.uasset" 805
"../../../HideVsSeekIntSc/Content/Materials/GenericMat/Seeker_Mat.uasset" 806
"../../../HideVsSeekIntSc/Content/Seeker_Character/blinn1.uasset" 807
"../../../HideVsSeekIntSc/Content/Seeker_Character/Char_Seeker.uasset" 808
"../../../HideVsSeekIntSc/Content/Sounds/Melee_Seeker.uasset" 809
"../../../HideVsSeekIntSc/Content/Sounds/Seeker/squirt_01.uasset" 810
"../../../HideVsSeekIntSc/Content/Sounds/Seeker/squirtStop_01.uasset" 811
"../../../HideVsSeekIntSc/Content/Sounds/Seeker_Move_Cue.uasset" 812
"../../../HideVsSeekIntSc/Content/UI/UIAsset/HotColdPanel/HotandColdIdentier_Meter__1_.uasset" 813
"../../../HideVsSeekIntSc/Content/UI/UIAsset/HotColdPanel/IdentifierNeedle__1_.uasset" 814
"../../../HideVsSeekIntSc/Content/UI/GameScreen/HotColdPanel.uasset" 815
"../../../HideVsSeekIntSc/Content/UI/GameScreen/SkillCoolDown2.uasset" 816
"../../../HideVsSeekIntSc/Content/SeekerBP/Blueprints/Seeker.uasset" 817
"../../../Engine/Content/EngineDebugMaterials/BlackUnlitMaterial.uasset" 818
"../../../HideVsSeekIntSc/Content/Blueprints/Arpit/DoornSwitch/NewFolder/Button_PhysicsAsset.uasset" 819
"../../../HideVsSeekIntSc/Content/Blueprints/Arpit/DoornSwitch/NewFolder/Button_Skeleton.uasset" 820
"../../../HideVsSeekIntSc/Content/Blueprints/Arpit/DoornSwitch/NewFolder/Button.uasset" 821
"../../../HideVsSeekIntSc/Content/Blueprints/Arpit/DoornSwitch/Switch_Blueprint.uasset" 822
"../../../HideVsSeekIntSc/Content/Blueprints/Arpit/DoornSwitch/ActivateStuffComponent.uasset" 823
"../../../HideVsSeekIntSc/Content/Blueprints/Sudeep/ScoreManager.uasset" 824
"../../../HideVsSeekIntSc/Content/Blueprints/Sudeep/HiderBase.uasset" 825
"../../../HideVsSeekIntSc/Content/Blueprints/Sudeep/Non-Playable-Actor.uasset" 826
"../../../HideVsSeekIntSc/Content/HiderBP/Blueprints/Glow.uasset" 827
"../../../HideVsSeekIntSc/Content/UI/HiderUI/Health-Meter-Empty-Grey.uasset" 828
"../../../HideVsSeekIntSc/Content/UI/HiderUI/Health_Meter.uasset" 829
"../../../HideVsSeekIntSc/Content/UI/HiderUI/Health_Meter_Patch_and_Cap.uasset" 830
"../../../HideVsSeekIntSc/Content/Blueprints/Arpit/Health/Health_Bar.uasset" 831
"../../../Engine/Content/Functions/Engine_MaterialFunctions02/Texturing/ScreenAlignedPixelToPixelUVs.uasset" 832
"../../../Engine/Content/EngineMaterials/Good64x64TilingNoiseHighFreq.uasset" 833
"../../../Engine/Content/Functions/Engine_MaterialFunctions02/Utility/DitherTemporalAA.uasset" 834
"../../../HideVsSeekIntSc/Content/GooMaterial/water_NRM.uasset" 835
"../../../HideVsSeekIntSc/Content/GooMaterial/GooMAT_LRG.uasset" 836
"../../../HideVsSeekIntSc/Content/GooModels/Goo_L.uasset" 837
"../../../HideVsSeekIntSc/Content/GooMaterial/GooMAT_MED.uasset" 838
"../../../HideVsSeekIntSc/Content/GooModels/Goo_M.uasset" 839
"../../../HideVsSeekIntSc/Content/GooMaterial/GooMAT_S.uasset" 840
"../../../HideVsSeekIntSc/Content/GooModels/Goo_S.uasset" 841
"../../../HideVsSeekIntSc/Content/HiderBP/Blueprints/Hider.uasset" 842
"../../../HideVsSeekIntSc/Content/Geometry/FinalArt/GooCan/Canister_ALBEDO.uasset" 843
"../../../HideVsSeekIntSc/Content/Geometry/FinalArt/GooCan/Canister_NORMAL.uasset" 844
"../../../HideVsSeekIntSc/Content/Materials/GenericMat/GooCan_mat.uasset" 845
"../../../HideVsSeekIntSc/Content/Geometry/FinalArt/GooCan/GooCanister.uasset" 846
"../../../HideVsSeekIntSc/Content/Sounds/Goo/slurp_Cue.uasset" 847
"../../../HideVsSeekIntSc/Content/Blueprints/Sudeep/Goo_Can.uasset" 848
"../../../HideVsSeekIntSc/Content/Blueprints/Sudeep/Room_Manager.uasset" 849
"../../../HideVsSeekIntSc/Content/Materials/_Normals+/Roughness002.uasset" 850
"../../../HideVsSeekIntSc/Content/Materials/Light_Glow.uasset" 851
"../../../HideVsSeekIntSc/Content/Materials/_Colors/Light_Wall_ALBEDO.uasset" 852
"../../../HideVsSeekIntSc/Content/Materials/_Normals+/Light_Wall_NORM.uasset" 853
"../../../HideVsSeekIntSc/Content/Materials/_Normals+/Light_Wall_ROUGHNESS.uasset" 854
"../../../HideVsSeekIntSc/Content/Materials/Wall_Light.uasset" 855
"../../../HideVsSeekIntSc/Content/Geometry/House_Set_Pieces/Light_Wall.uasset" 856
"../../../HideVsSeekIntSc/Content/Blueprints/WallLight001.uasset" 857
"../../../HideVsSeekIntSc/Content/Materials/_Colors/Ceiling001_Color.uasset" 858
"../../../HideVsSeekIntSc/Content/Materials/_Normals+/Ceiling001_Normal.uasset" 859
"../../../HideVsSeekIntSc/Content/Materials/_Normals+/Roughness001.uasset" 860
"../../../HideVsSeekIntSc/Content/Materials/Ceiling001_Mat.uasset" 861
"../../../HideVsSeekIntSc/Content/Materials/_Colors/Ceiling002_Color.uasset" 862
"../../../HideVsSeekIntSc/Content/Materials/Ceiling002_Mat.uasset" 863
"../../../HideVsSeekIntSc/Content/Materials/_Colors/Ceiling_Science001_Color.uasset" 864
"../../../HideVsSeekIntSc/Content/Materials/Ceiling_Science002_Mat.uasset" 865
"../../../HideVsSeekIntSc/Content/Materials/_Colors/CeilingIndent_Color.uasset" 866
"../../../HideVsSeekIntSc/Content/Materials/_Normals+/CeilingIndent_AO.uasset" 867
"../../../HideVsSeekIntSc/Content/Materials/_Normals+/CeilingIndent_Emissive.uasset" 868
"../../../HideVsSeekIntSc/Content/Materials/_Normals+/CeilingIndent_Normal.uasset" 869
"../../../HideVsSeekIntSc/Content/Materials/CeilingIndent001_Mat.uasset" 870
"../../../HideVsSeekIntSc/Content/Materials/_Normals+/Wallpaper_Normal.uasset" 871
"../../../HideVsSeekIntSc/Content/Materials/Curtain02_Mat.uasset" 872
"../../../HideVsSeekIntSc/Content/Materials/_Colors/Door01_Color.uasset" 873
"../../../HideVsSeekIntSc/Content/Materials/Door01_Mat.uasset" 874
"../../../HideVsSeekIntSc/Content/Materials/_Colors/Door01_Window_Color.uasset" 875
"../../../HideVsSeekIntSc/Content/Materials/Door01_Window_Mat.uasset" 876
"../../../HideVsSeekIntSc/Content/Materials/_Colors/Carpet001_Color.uasset" 877
"../../../HideVsSeekIntSc/Content/Materials/_Normals+/Carpet001_Normal.uasset" 878
"../../../HideVsSeekIntSc/Content/Materials/Floor_Carpet001_Mat.uasset" 879
"../../../HideVsSeekIntSc/Content/Materials/_Colors/Floor_Marble001_Color.uasset" 880
"../../../HideVsSeekIntSc/Content/Materials/Floor_Marble001_Mat.uasset" 881
"../../../HideVsSeekIntSc/Content/Materials/_Colors/Floor_Science_Color.uasset" 882
"../../../HideVsSeekIntSc/Content/Materials/_Normals+/Floor_Height.uasset" 883
"../../../HideVsSeekIntSc/Content/Materials/Floor_Science_Mat.uasset" 884
"../../../HideVsSeekIntSc/Content/Materials/_Colors/Floor_Tile001_Color.uasset" 885
"../../../HideVsSeekIntSc/Content/Materials/_Normals+/Floor_Tile_Normal.uasset" 886
"../../../HideVsSeekIntSc/Content/Materials/Floor_Tile001_Mat.uasset" 887
"../../../HideVsSeekIntSc/Content/Materials/_Colors/Floor_Tile002_Color.uasset" 888
"../../../HideVsSeekIntSc/Content/Materials/Floor_Tile002_Mat.uasset" 889
"../../../HideVsSeekIntSc/Content/Materials/_Colors/Floor_Wood001_Color.uasset" 890
"../../../HideVsSeekIntSc/Content/Materials/_Normals+/Floor_Wood001_Normal.uasset" 891
"../../../HideVsSeekIntSc/Content/Materials/Floor_Wood001_Mat.uasset" 892
"../../../HideVsSeekIntSc/Content/Materials/_Colors/Floor_Wood002_Color.uasset" 893
"../../../HideVsSeekIntSc/Content/Materials/_Normals+/Floor_Wood002_Normal.uasset" 894
"../../../HideVsSeekIntSc/Content/Materials/Floor_Wood002_Mat.uasset" 895
"../../../HideVsSeekIntSc/Content/Materials/KitchenTest.uasset" 896
"../../../HideVsSeekIntSc/Content/Materials/_Normals+/Front_Glossiness.uasset" 897
"../../../HideVsSeekIntSc/Content/Materials/_Normals+/Front_Mixed_AO.uasset" 898
"../../../HideVsSeekIntSc/Content/Materials/_Normals+/Front_Normal_DirectX.uasset" 899
"../../../HideVsSeekIntSc/Content/Materials/_Normals+/Front_Specular.uasset" 900
"../../../HideVsSeekIntSc/Content/Materials/LivingRoomStairs/Curtain_Mat.uasset" 901
"../../../HideVsSeekIntSc/Content/Materials/_Normals+/rod_Glossiness.uasset" 902
"../../../HideVsSeekIntSc/Content/Materials/_Normals+/rod_Mixed_AO.uasset" 903
"../../../HideVsSeekIntSc/Content/Materials/_Normals+/rod_Specular.uasset" 904
"../../../HideVsSeekIntSc/Content/Materials/LivingRoomStairs/CurtainRod_Mat.uasset" 905
"../../../HideVsSeekIntSc/Content/Materials/_Normals+/Sides1_Glossiness.uasset" 906
"../../../HideVsSeekIntSc/Content/Materials/_Normals+/Sides1_Mixed_AO.uasset" 907
"../../../HideVsSeekIntSc/Content/Materials/_Normals+/Sides1_Specular.uasset" 908
"../../../HideVsSeekIntSc/Content/Materials/LivingRoomStairs/CurtainSide_MAt.uasset" 909
"../../../HideVsSeekIntSc/Content/Materials/_Colors/Stairs/piece_color_01.uasset" 910
"../../../HideVsSeekIntSc/Content/Materials/LivingRoomStairs/Piece_Mat.uasset" 911
"../../../HideVsSeekIntSc/Content/Materials/_Colors/Stairs/pillar_color_01.uasset" 912
"../../../HideVsSeekIntSc/Content/Materials/LivingRoomStairs/Pillar_Mat.uasset" 913
"../../../HideVsSeekIntSc/Content/Materials/_Colors/Stairs/rail_color_01.uasset" 914
"../../../HideVsSeekIntSc/Content/Materials/LivingRoomStairs/Rail_Mat.uasset" 915
"../../../HideVsSeekIntSc/Content/Materials/_Colors/Stairs/rail_top_color_01.uasset" 916
"../../../HideVsSeekIntSc/Content/Materials/LivingRoomStairs/RailTop_Mat.uasset" 917
"../../../HideVsSeekIntSc/Content/Materials/_Colors/Stairs/steps_color_01.uasset" 918
"../../../HideVsSeekIntSc/Content/Materials/LivingRoomStairs/Steps_Mat.uasset" 919
"../../../HideVsSeekIntSc/Content/Materials/_Colors/ScienceLab/CeilingTube_Color.uasset" 920
"../../../HideVsSeekIntSc/Content/Materials/_Normals+/ScienceLab/lambert1_Emissive.uasset" 921
"../../../HideVsSeekIntSc/Content/Materials/_Normals+/ScienceLab/lambert1_Metallic.uasset" 922
"../../../HideVsSeekIntSc/Content/Materials/_Normals+/ScienceLab/lambert1_Mixed_AO.uasset" 923
"../../../HideVsSeekIntSc/Content/Materials/_Normals+/ScienceLab/lambert1_Normal_DirectX.uasset" 924
"../../../HideVsSeekIntSc/Content/Materials/_Normals+/ScienceLab/lambert1_Roughness.uasset" 925
"../../../HideVsSeekIntSc/Content/Materials/Objects/CeilingTube_Mat.uasset" 926
"../../../HideVsSeekIntSc/Content/Materials/_Colors/ScienceLab/CurveTable_Base_Color.uasset" 927
"../../../HideVsSeekIntSc/Content/Materials/_Normals+/ScienceLab/CurveTable_Emissive.uasset" 928
"../../../HideVsSeekIntSc/Content/Materials/_Normals+/ScienceLab/CurveTable_Metallic.uasset" 929
"../../../HideVsSeekIntSc/Content/Materials/_Normals+/ScienceLab/CurveTable_Normal_DirectX.uasset" 930
"../../../HideVsSeekIntSc/Content/Materials/_Normals+/ScienceLab/CurveTable_Roughness.uasset" 931
"../../../HideVsSeekIntSc/Content/Materials/Objects/CurveTable_Mat.uasset" 932
"../../../HideVsSeekIntSc/Content/Materials/_Colors/ScienceLab/SlantedTableTop1_Base_Color.uasset" 933
"../../../HideVsSeekIntSc/Content/Materials/_Normals+/ScienceLab/SlantedTableTop1_Emissive.uasset" 934
"../../../HideVsSeekIntSc/Content/Materials/_Normals+/ScienceLab/SlantedTableTop1_Normal_DirectX.uasset" 935
"../../../HideVsSeekIntSc/Content/Materials/Objects/SideTable_Mat.uasset" 936
"../../../HideVsSeekIntSc/Content/Materials/_Colors/ScienceLab/SlantedTableLegs_Base_Color.uasset" 937
"../../../HideVsSeekIntSc/Content/Materials/_Normals+/ScienceLab/SlantedTableLegs_Emissive.uasset" 938
"../../../HideVsSeekIntSc/Content/Materials/_Normals+/ScienceLab/SlantedTableLegs_Normal_DirectX.uasset" 939
"../../../HideVsSeekIntSc/Content/Materials/Objects/SideTableLegs_Mat.uasset" 940
"../../../HideVsSeekIntSc/Content/Materials/_Colors/ScienceLab/TableLegs_Base_Color.uasset" 941
"../../../HideVsSeekIntSc/Content/Materials/_Normals+/ScienceLab/TableLegs_Emissive.uasset" 942
"../../../HideVsSeekIntSc/Content/Materials/_Normals+/ScienceLab/TableLegs_Metallic.uasset" 943
"../../../HideVsSeekIntSc/Content/Materials/_Normals+/ScienceLab/TableLegs_Normal_DirectX.uasset" 944
"../../../HideVsSeekIntSc/Content/Materials/_Normals+/ScienceLab/TableLegs_Roughness.uasset" 945
"../../../HideVsSeekIntSc/Content/Materials/Objects/TableLegs_Mat.uasset" 946
"../../../HideVsSeekIntSc/Content/Materials/_Colors/ScienceLab/TableTop_Base_Color.uasset" 947
"../../../HideVsSeekIntSc/Content/Materials/_Normals+/ScienceLab/TableTop_Emissive.uasset" 948
"../../../HideVsSeekIntSc/Content/Materials/_Normals+/ScienceLab/TableTop_Metallic.uasset" 949
"../../../HideVsSeekIntSc/Content/Materials/_Normals+/ScienceLab/TableTop_Normal_DirectX.uasset" 950
"../../../HideVsSeekIntSc/Content/Materials/_Normals+/ScienceLab/TableTop_Roughness.uasset" 951
"../../../HideVsSeekIntSc/Content/Materials/Objects/TableTop_Mat.uasset" 952
"../../../HideVsSeekIntSc/Content/Materials/_Colors/ScienceLab/Glass1_Base_Color.uasset" 953
"../../../HideVsSeekIntSc/Content/Materials/_Normals+/ScienceLab/Blue_Emissive.uasset" 954
"../../../HideVsSeekIntSc/Content/Materials/Objects/TestTubeBlue_Mat.uasset" 955
"../../../HideVsSeekIntSc/Content/Materials/_Normals+/ScienceLab/Caps_Metallic.uasset" 956
"../../../HideVsSeekIntSc/Content/Materials/_Normals+/ScienceLab/Caps_Mixed_AO.uasset" 957
"../../../HideVsSeekIntSc/Content/Materials/_Normals+/ScienceLab/Caps_Normal_DirectX.uasset" 958
"../../../HideVsSeekIntSc/Content/Materials/_Normals+/ScienceLab/Caps_Roughness.uasset" 959
"../../../HideVsSeekIntSc/Content/Materials/Objects/TestTubeCaps_Mat.uasset" 960
"../../../HideVsSeekIntSc/Content/Materials/_Normals+/ScienceLab/Glass1_Emissive.uasset" 961
"../../../HideVsSeekIntSc/Content/Materials/Objects/TestTubeGreen_Mat.uasset" 962
"../../../HideVsSeekIntSc/Content/Materials/_Normals+/ScienceLab/red_Emissive.uasset" 963
"../../../HideVsSeekIntSc/Content/Materials/Objects/TestTubeRed_Mat.uasset" 964
"../../../HideVsSeekIntSc/Content/Materials/_Normals+/ScienceLab/yellow_Emissive.uasset" 965
"../../../HideVsSeekIntSc/Content/Materials/Objects/TestTubeYellow_Mat.uasset" 966
"../../../HideVsSeekIntSc/Content/Materials/_Colors/Wall_Rock001_Color.uasset" 967
"../../../HideVsSeekIntSc/Content/Materials/Wall_Rock001_MAt.uasset" 968
"../../../HideVsSeekIntSc/Content/Materials/_Normals+/Science_Walls_AO.uasset" 969
"../../../HideVsSeekIntSc/Content/Materials/_Normals+/Science_Walls_Emissive.uasset" 970
"../../../HideVsSeekIntSc/Content/Materials/_Normals+/Science_Walls_Normal.uasset" 971
"../../../HideVsSeekIntSc/Content/Materials/Wall_Science001_Mat.uasset" 972
"../../../HideVsSeekIntSc/Content/Materials/_Normals+/Wall_Science_Slope_AO.uasset" 973
"../../../HideVsSeekIntSc/Content/Materials/_Normals+/Wall_Science_Slope_Emissive.uasset" 974
"../../../HideVsSeekIntSc/Content/Materials/_Normals+/Wall_Science_Slope_Normal.uasset" 975
"../../../HideVsSeekIntSc/Content/Materials/Wall_Science_Slope_Mat.uasset" 976
"../../../HideVsSeekIntSc/Content/Materials/_Colors/Wallpaper_Beige001_Color.uasset" 977
"../../../HideVsSeekIntSc/Content/Materials/_Normals+/Wallpaper_Beige001_Normal.uasset" 978
"../../../HideVsSeekIntSc/Content/Materials/Wallpaper_Beige_Mat.uasset" 979
"../../../HideVsSeekIntSc/Content/Materials/_Colors/Wallpaper_Blue001_Color.uasset" 980
"../../../HideVsSeekIntSc/Content/Materials/Wallpaper_Blue001_Mat.uasset" 981
"../../../HideVsSeekIntSc/Content/Materials/_Colors/Wallpaper_Blue002_Color.uasset" 982
"../../../HideVsSeekIntSc/Content/Materials/Wallpaper_Blue002_Mat.uasset" 983
"../../../HideVsSeekIntSc/Content/Materials/_Colors/Wallpaper_Green001_Color.uasset" 984
"../../../HideVsSeekIntSc/Content/Materials/Wallpaper_Green001_Mat.uasset" 985
"../../../HideVsSeekIntSc/Content/Materials/_Colors/Wallpaper_Purple001_Color.uasset" 986
"../../../HideVsSeekIntSc/Content/Materials/Wallpaper_Purple001_Mat.uasset" 987
"../../../HideVsSeekIntSc/Content/Materials/_Colors/Wallpaper_Red001_Color.uasset" 988
"../../../HideVsSeekIntSc/Content/Materials/Wallpaper_Red001_Mat.uasset" 989
"../../../HideVsSeekIntSc/Content/Materials/_Normals+/Wallpaper_Striped001_Spec.uasset" 990
"../../../HideVsSeekIntSc/Content/Materials/_Normals+/Wallpaper_Striped_Normal.uasset" 991
"../../../HideVsSeekIntSc/Content/Materials/Wallpaper_Striped001_Mat.uasset" 992
"../../../HideVsSeekIntSc/Content/Geometry/FinalArt/BedKids/Bed_Kids_ALBEDO.uasset" 993
"../../../HideVsSeekIntSc/Content/Geometry/FinalArt/BedKids/Bed_Kids_NRM.uasset" 994
"../../../HideVsSeekIntSc/Content/Geometry/FinalArt/BedKids/Bed_Kids_SPEC.uasset" 995
"../../../HideVsSeekIntSc/Content/Geometry/FinalArt/BedKids/Mat_BedKids.uasset" 996
"../../../HideVsSeekIntSc/Content/Geometry/FinalArt/BedKids/Bed_Kids.uasset" 997
"../../../HideVsSeekIntSc/Content/Geometry/FinalArt/chair001/Chair001_Color.uasset" 998
"../../../HideVsSeekIntSc/Content/Geometry/FinalArt/chair001/Chair001_Mat.uasset" 999
"../../../HideVsSeekIntSc/Content/Geometry/FinalArt/chair001/Chair001.uasset" 1000
"../../../HideVsSeekIntSc/Content/Geometry/FinalArt/Chandelier/Chandelier_ALBEDO.uasset" 1001
"../../../HideVsSeekIntSc/Content/Geometry/FinalArt/Chandelier/Chandelier_METALNESS.uasset" 1002
"../../../HideVsSeekIntSc/Content/Geometry/FinalArt/Chandelier/Chandelier_NORMAL.uasset" 1003
"../../../HideVsSeekIntSc/Content/Geometry/FinalArt/Chandelier/Chandelier_ROUGHNESS.uasset" 1004
"../../../HideVsSeekIntSc/Content/Materials/GenericMat/Chandelier_Mat.uasset" 1005
"../../../HideVsSeekIntSc/Content/Geometry/FinalArt/Chandelier/Chandelier.uasset" 1006
"../../../HideVsSeekIntSc/Content/Geometry/FinalArt/Invisible/glass.uasset" 1007
"../../../HideVsSeekIntSc/Content/Geometry/FinalArt/Invisible/stove2.uasset" 1008
"../../../HideVsSeekIntSc/Content/Geometry/FinalArt/Invisible/invisible.uasset" 1009
"../../../HideVsSeekIntSc/Content/Geometry/FinalArt/Vases/vase_tall_plants_01.uasset" 1010
"../../../HideVsSeekIntSc/Content/Geometry/FinalArt/VictorianChaiseLounge/VictorianChaiseLounge_NRM.uasset" 1011
"../../../HideVsSeekIntSc/Content/Geometry/FinalArt/VictorianChaiseLounge/VictorianChaiseLoungue_ALBEDO.uasset" 1012
"../../../HideVsSeekIntSc/Content/Geometry/FinalArt/VictorianChaiseLounge/VictorianChaiseLoungue_SPEC.uasset" 1013
"../../../HideVsSeekIntSc/Content/Geometry/FinalArt/VictorianChaiseLounge/Mat_VictorianChaiseLounge.uasset" 1014
"../../../HideVsSeekIntSc/Content/Geometry/FinalArt/VictorianChaiseLounge/VictorianChaiseLounge.uasset" 1015
"../../../HideVsSeekIntSc/Content/Materials/_Colors/Kitchen/CabinetDoors_ALBEDO.uasset" 1016
"../../../HideVsSeekIntSc/Content/Materials/_Normals+/Kitchen/CabinetDoors_ROUGHNESS.uasset" 1017
"../../../HideVsSeekIntSc/Content/Materials/Kitchen/CabinetDoors_Mat.uasset" 1018
"../../../HideVsSeekIntSc/Content/Geometry/House_Set_Pieces/Kitchen/Cabinet_Doors.uasset" 1019
"../../../HideVsSeekIntSc/Content/Materials/_Colors/Kitchen/Cabinets_ALBEDO.uasset" 1020
"../../../HideVsSeekIntSc/Content/Materials/_Normals+/Kitchen/Cabinets_ROUGHNESS.uasset" 1021
"../../../HideVsSeekIntSc/Content/Materials/Kitchen/Cabinets_Mat.uasset" 1022
"../../../HideVsSeekIntSc/Content/Geometry/House_Set_Pieces/Kitchen/Cabinets.uasset" 1023
"../../../HideVsSeekIntSc/Content/Materials/_Colors/Kitchen/Counter_ALBEDO.uasset" 1024
"../../../HideVsSeekIntSc/Content/Materials/_Normals+/Kitchen/Counter_ROUGHNESS.uasset" 1025
"../../../HideVsSeekIntSc/Content/Materials/Kitchen/CounterTop_Mat.uasset" 1026
"../../../HideVsSeekIntSc/Content/Geometry/House_Set_Pieces/Kitchen/Counter_Top.uasset" 1027
"../../../HideVsSeekIntSc/Content/Materials/_Colors/Kitchen/Details_ALBEDO.uasset" 1028
"../../../HideVsSeekIntSc/Content/Materials/_Normals+/Kitchen/Details_METALNESS.uasset" 1029
"../../../HideVsSeekIntSc/Content/Materials/_Normals+/Kitchen/Details_ROUGHNESS.uasset" 1030
"../../../HideVsSeekIntSc/Content/Materials/Kitchen/KitDetails_Mat.uasset" 1031
"../../../HideVsSeekIntSc/Content/Geometry/House_Set_Pieces/Kitchen/Kitchen_Details.uasset" 1032
"../../../HideVsSeekIntSc/Content/Materials/_Colors/Kitchen/Mantle_ALBEDO.uasset" 1033
"../../../HideVsSeekIntSc/Content/Materials/_Normals+/Kitchen/Mantle_ROUGHNESS.uasset" 1034
"../../../HideVsSeekIntSc/Content/Materials/Kitchen/KitMantle_Mat.uasset" 1035
"../../../HideVsSeekIntSc/Content/Geometry/House_Set_Pieces/Kitchen/Kitchen_Mantle.uasset" 1036
"../../../HideVsSeekIntSc/Content/Geometry/House_Set_Pieces/LivingRoom/Beams_01.uasset" 1037
"../../../HideVsSeekIntSc/Content/Geometry/House_Set_Pieces/LivingRoom/stairs_rail_pills_01.uasset" 1038
"../../../HideVsSeekIntSc/Content/Geometry/House_Set_Pieces/LivingRoom/WindowVariant_2.uasset" 1039
"../../../HideVsSeekIntSc/Content/Geometry/House_Set_Pieces/ScienceLab/CeilingTubeOrnament.uasset" 1040
"../../../HideVsSeekIntSc/Content/Geometry/House_Set_Pieces/ScienceLab/CurveTable.uasset" 1041
"../../../HideVsSeekIntSc/Content/Materials/_Colors/table_color1024_02.uasset" 1042
"../../../HideVsSeekIntSc/Content/Materials/Objects/DiningTable_Mat.uasset" 1043
"../../../HideVsSeekIntSc/Content/Geometry/House_Set_Pieces/ScienceLab/din_table_02.uasset" 1044
"../../../HideVsSeekIntSc/Content/Geometry/House_Set_Pieces/ScienceLab/SlantedTable.uasset" 1045
"../../../HideVsSeekIntSc/Content/Geometry/House_Set_Pieces/ScienceLab/Table.uasset" 1046
"../../../HideVsSeekIntSc/Content/Geometry/House_Set_Pieces/ScienceLab/TestTube.uasset" 1047
"../../../HideVsSeekIntSc/Content/Geometry/HouseWallPieces/lambert1.uasset" 1048
"../../../HideVsSeekIntSc/Content/Geometry/HouseWallPieces/arch_01.uasset" 1049
"../../../HideVsSeekIntSc/Content/Geometry/HouseWallPieces/door_footer_01.uasset" 1050
"../../../HideVsSeekIntSc/Content/Geometry/HouseWallPieces/doorframe_01.uasset" 1051
"../../../HideVsSeekIntSc/Content/Geometry/HouseWallPieces/Floor.uasset" 1052
"../../../HideVsSeekIntSc/Content/Geometry/HouseWallPieces/Floor/floor_01.uasset" 1053
"../../../HideVsSeekIntSc/Content/Geometry/HouseWallPieces/Floor/lambert1.uasset" 1054
"../../../HideVsSeekIntSc/Content/Geometry/HouseWallPieces/Floor/lambert6.uasset" 1055
"../../../HideVsSeekIntSc/Content/Geometry/HouseWallPieces/Floor/floor_A.uasset" 1056
"../../../HideVsSeekIntSc/Content/Geometry/HouseWallPieces/Floor/lambert8.uasset" 1057
"../../../HideVsSeekIntSc/Content/Geometry/HouseWallPieces/Floor/lambert9.uasset" 1058
"../../../HideVsSeekIntSc/Content/Geometry/HouseWallPieces/Floor/floor_B.uasset" 1059
"../../../HideVsSeekIntSc/Content/Geometry/HouseWallPieces/Floor/floor_C.uasset" 1060
"../../../HideVsSeekIntSc/Content/Geometry/HouseWallPieces/Floor/floor_ceiling_01.uasset" 1061
"../../../HideVsSeekIntSc/Content/Geometry/HouseWallPieces/Floor/floor_D.uasset" 1062
"../../../HideVsSeekIntSc/Content/Geometry/HouseWallPieces/half_corner_01.uasset" 1063
"../../../HideVsSeekIntSc/Content/Geometry/HouseWallPieces/half_curve_noends_01.uasset" 1064
"../../../HideVsSeekIntSc/Content/Geometry/HouseWallPieces/half_curve_straight_noends_01.uasset" 1065
"../../../HideVsSeekIntSc/Content/Geometry/HouseWallPieces/half_long_noends_01.uasset" 1066
"../../../HideVsSeekIntSc/Content/Geometry/HouseWallPieces/half_quarter_noends_01.uasset" 1067
"../../../HideVsSeekIntSc/Content/Geometry/HouseWallPieces/half_small_ends_01.uasset" 1068
"../../../HideVsSeekIntSc/Content/Geometry/HouseWallPieces/half_small_noends_01.uasset" 1069
"../../../HideVsSeekIntSc/Content/Geometry/HouseWallPieces/FlatWalls.uasset" 1070
"../../../HideVsSeekIntSc/Content/Geometry/HouseWallPieces/LabRoom.uasset" 1071
"../../../HideVsSeekIntSc/Content/Geometry/HouseWallPieces/nofoot_corner_01.uasset" 1072
"../../../HideVsSeekIntSc/Content/Geometry/HouseWallPieces/nofoot_curve_noends_01.uasset" 1073
"../../../HideVsSeekIntSc/Content/Geometry/HouseWallPieces/nofoot_curve_straight_noends_01.uasset" 1074
"../../../HideVsSeekIntSc/Content/Geometry/HouseWallPieces/nofoot_long_noends_01.uasset" 1075
"../../../HideVsSeekIntSc/Content/Geometry/HouseWallPieces/nofoot_small_noends_01.uasset" 1076
"../../../HideVsSeekIntSc/Content/Geometry/HouseWallPieces/right_corner_3textures_01.uasset" 1077
"../../../HideVsSeekIntSc/Content/Geometry/HouseWallPieces/wall_corner_01.uasset" 1078
"../../../HideVsSeekIntSc/Content/Geometry/HouseWallPieces/wall_corner_half_01.uasset" 1079
"../../../HideVsSeekIntSc/Content/Geometry/HouseWallPieces/wall_curve_noends_01.uasset" 1080
"../../../HideVsSeekIntSc/Content/Geometry/HouseWallPieces/wall_curve_straight_ends_01.uasset" 1081
"../../../HideVsSeekIntSc/Content/Geometry/HouseWallPieces/wall_curve_straight_ends_half_01.uasset" 1082
"../../../HideVsSeekIntSc/Content/Geometry/HouseWallPieces/wall_curve_straight_ends_special_01.uasset" 1083
"../../../HideVsSeekIntSc/Content/Geometry/HouseWallPieces/wall_long_noends_01.uasset" 1084
"../../../HideVsSeekIntSc/Content/Geometry/HouseWallPieces/wall_quarter_noends_01.uasset" 1085
"../../../HideVsSeekIntSc/Content/Geometry/HouseWallPieces/wall_small_ends_01.uasset" 1086
"../../../HideVsSeekIntSc/Content/Geometry/HouseWallPieces/wall_small_noends_01.uasset" 1087
"../../../HideVsSeekIntSc/Content/Geometry/HouseWallPieces/weird2_corner_3textures_01.uasset" 1088
"../../../HideVsSeekIntSc/Content/Geometry/HouseWallPieces/weird_corner_4textures_01.uasset" 1089
"../../../HideVsSeekIntSc/Content/Materials/_Colors/Curtain01_Color.uasset" 1090
"../../../HideVsSeekIntSc/Content/Materials/_Colors/CurtainSide01_Color.uasset" 1091
"../../../HideVsSeekIntSc/Content/Materials/_Colors/ScienceLab/Science_Wall_Slope_Color.uasset" 1092
"../../../HideVsSeekIntSc/Content/Materials/_Colors/ScienceLab/Science_Walls_Color.uasset" 1093
"../../../HideVsSeekIntSc/Content/Materials/_Colors/Striped.uasset" 1094
"../../../HideVsSeekIntSc/Content/Levels/Sudeep/Level-12-09.umap" 1095
